ERROR - 2025-01-20 03:14:30 --> ErrorException: Undefined array key "make:test" in /Users/gustavo/Documents/GitHub/codignatoratk/vendor/codeigniter4/framework/system/CLI/GeneratorTrait.php:345
Stack trace:
#0 /Users/gustavo/Documents/GitHub/codignatoratk/vendor/codeigniter4/framework/system/CLI/GeneratorTrait.php(345): CodeIgniter\Debug\Exceptions->errorHandler(2, 'Undefined array...', '/Users/gustavo/...', 345)
#1 /Users/gustavo/Documents/GitHub/codignatoratk/vendor/codeigniter4/framework/system/CLI/GeneratorTrait.php(390): CodeIgniter\Commands\Generators\TestGenerator->renderTemplate(Array)
#2 /Users/gustavo/Documents/GitHub/codignatoratk/vendor/codeigniter4/framework/system/CLI/GeneratorTrait.php(253): CodeIgniter\Commands\Generators\TestGenerator->parseTemplate('Tests\\Cliente')
#3 /Users/gustavo/Documents/GitHub/codignatoratk/vendor/codeigniter4/framework/system/CLI/GeneratorTrait.php(400): CodeIgniter\Commands\Generators\TestGenerator->prepare('Tests\\Cliente')
#4 /Users/gustavo/Documents/GitHub/codignatoratk/vendor/codeigniter4/framework/system/CLI/GeneratorTrait.php(135): CodeIgniter\Commands\Generators\TestGenerator->buildContent('Tests\\Cliente')
#5 /Users/gustavo/Documents/GitHub/codignatoratk/vendor/codeigniter4/framework/system/Commands/Generators/TestGenerator.php(88): CodeIgniter\Commands\Generators\TestGenerator->generateClass(Array)
#6 /Users/gustavo/Documents/GitHub/codignatoratk/vendor/codeigniter4/framework/system/CLI/Commands.php(70): CodeIgniter\Commands\Generators\TestGenerator->run(Array)
#7 /Users/gustavo/Documents/GitHub/codignatoratk/vendor/codeigniter4/framework/system/CLI/Console.php(48): CodeIgniter\CLI\Commands->run('make:test', Array)
#8 /Users/gustavo/Documents/GitHub/codignatoratk/vendor/codeigniter4/framework/system/Boot.php(360): CodeIgniter\CLI\Console->run()
#9 /Users/gustavo/Documents/GitHub/codignatoratk/vendor/codeigniter4/framework/system/Boot.php(104): CodeIgniter\Boot::runCommand(Object(CodeIgniter\CLI\Console))
#10 /Users/gustavo/Documents/GitHub/codignatoratk/spark(84): CodeIgniter\Boot::bootSpark(Object(Config\Paths))
#11 {main}
ERROR - 2025-01-20 03:17:37 --> ErrorException: Undefined array key "make:test" in /Users/gustavo/Documents/GitHub/codignatoratk/vendor/codeigniter4/framework/system/CLI/GeneratorTrait.php:345
Stack trace:
#0 /Users/gustavo/Documents/GitHub/codignatoratk/vendor/codeigniter4/framework/system/CLI/GeneratorTrait.php(345): CodeIgniter\Debug\Exceptions->errorHandler(2, 'Undefined array...', '/Users/gustavo/...', 345)
#1 /Users/gustavo/Documents/GitHub/codignatoratk/vendor/codeigniter4/framework/system/CLI/GeneratorTrait.php(390): CodeIgniter\Commands\Generators\TestGenerator->renderTemplate(Array)
#2 /Users/gustavo/Documents/GitHub/codignatoratk/vendor/codeigniter4/framework/system/CLI/GeneratorTrait.php(253): CodeIgniter\Commands\Generators\TestGenerator->parseTemplate('Tests\\Cliente')
#3 /Users/gustavo/Documents/GitHub/codignatoratk/vendor/codeigniter4/framework/system/CLI/GeneratorTrait.php(400): CodeIgniter\Commands\Generators\TestGenerator->prepare('Tests\\Cliente')
#4 /Users/gustavo/Documents/GitHub/codignatoratk/vendor/codeigniter4/framework/system/CLI/GeneratorTrait.php(135): CodeIgniter\Commands\Generators\TestGenerator->buildContent('Tests\\Cliente')
#5 /Users/gustavo/Documents/GitHub/codignatoratk/vendor/codeigniter4/framework/system/Commands/Generators/TestGenerator.php(88): CodeIgniter\Commands\Generators\TestGenerator->generateClass(Array)
#6 /Users/gustavo/Documents/GitHub/codignatoratk/vendor/codeigniter4/framework/system/CLI/Commands.php(70): CodeIgniter\Commands\Generators\TestGenerator->run(Array)
#7 /Users/gustavo/Documents/GitHub/codignatoratk/vendor/codeigniter4/framework/system/CLI/Console.php(48): CodeIgniter\CLI\Commands->run('make:test', Array)
#8 /Users/gustavo/Documents/GitHub/codignatoratk/vendor/codeigniter4/framework/system/Boot.php(360): CodeIgniter\CLI\Console->run()
#9 /Users/gustavo/Documents/GitHub/codignatoratk/vendor/codeigniter4/framework/system/Boot.php(104): CodeIgniter\Boot::runCommand(Object(CodeIgniter\CLI\Console))
#10 /Users/gustavo/Documents/GitHub/codignatoratk/spark(84): CodeIgniter\Boot::bootSpark(Object(Config\Paths))
#11 {main}
INFO - 2025-01-20 03:27:48 --> CSRF token verified.
INFO - 2025-01-20 03:35:15 --> CSRF token verified.
INFO - 2025-01-20 03:35:53 --> CSRF token verified.
INFO - 2025-01-20 03:36:10 --> CSRF token verified.
CRITICAL - 2025-01-20 03:36:18 --> CodeIgniter\Security\Exceptions\SecurityException: The action you requested is not allowed.
[Method: POST, Route: cliente/editar/2]
in SYSTEMPATH/Security/Security.php on line 262.
 1 SYSTEMPATH/Security/Security.php(262): CodeIgniter\Security\Exceptions\SecurityException::forDisallowedAction()
 2 SYSTEMPATH/Filters/CSRF.php(52): CodeIgniter\Security\Security->verify(Object(CodeIgniter\HTTP\IncomingRequest))
 3 SYSTEMPATH/Filters/Filters.php(203): CodeIgniter\Filters\CSRF->before(Object(CodeIgniter\HTTP\IncomingRequest), null)
 4 SYSTEMPATH/Filters/Filters.php(184): CodeIgniter\Filters\Filters->runBefore([...])
 5 SYSTEMPATH/CodeIgniter.php(481): CodeIgniter\Filters\Filters->run('cliente/editar/2', 'before')
 6 SYSTEMPATH/CodeIgniter.php(355): CodeIgniter\CodeIgniter->handleRequest(null, Object(Config\Cache), false)
 7 SYSTEMPATH/Boot.php(334): CodeIgniter\CodeIgniter->run()
 8 SYSTEMPATH/Boot.php(67): CodeIgniter\Boot::runCodeIgniter(Object(CodeIgniter\CodeIgniter))
 9 FCPATH/index.php(56): CodeIgniter\Boot::bootWeb(Object(Config\Paths))
10 SYSTEMPATH/rewrite.php(44): require_once('/Users/gustavo/Documents/GitHub/codignatoratk/public/index.php')
INFO - 2025-01-20 03:36:31 --> CSRF token verified.
INFO - 2025-01-20 03:45:51 --> CSRF token verified.
INFO - 2025-01-20 03:46:02 --> CSRF token verified.
INFO - 2025-01-20 03:46:09 --> CSRF token verified.
INFO - 2025-01-20 03:46:18 --> CSRF token verified.
INFO - 2025-01-20 03:51:21 --> CSRF token verified.
INFO - 2025-01-20 03:51:46 --> CSRF token verified.
INFO - 2025-01-20 03:51:49 --> CSRF token verified.
CRITICAL - 2025-01-20 03:53:11 --> CodeIgniter\Security\Exceptions\SecurityException: The action you requested is not allowed.
[Method: POST, Route: cliente/editar/1]
in SYSTEMPATH/Security/Security.php on line 262.
 1 SYSTEMPATH/Security/Security.php(262): CodeIgniter\Security\Exceptions\SecurityException::forDisallowedAction()
 2 SYSTEMPATH/Filters/CSRF.php(52): CodeIgniter\Security\Security->verify(Object(CodeIgniter\HTTP\IncomingRequest))
 3 SYSTEMPATH/Filters/Filters.php(203): CodeIgniter\Filters\CSRF->before(Object(CodeIgniter\HTTP\IncomingRequest), null)
 4 SYSTEMPATH/Filters/Filters.php(184): CodeIgniter\Filters\Filters->runBefore([...])
 5 SYSTEMPATH/CodeIgniter.php(481): CodeIgniter\Filters\Filters->run('cliente/editar/1', 'before')
 6 SYSTEMPATH/CodeIgniter.php(355): CodeIgniter\CodeIgniter->handleRequest(null, Object(Config\Cache), false)
 7 SYSTEMPATH/Boot.php(334): CodeIgniter\CodeIgniter->run()
 8 SYSTEMPATH/Boot.php(67): CodeIgniter\Boot::runCodeIgniter(Object(CodeIgniter\CodeIgniter))
 9 FCPATH/index.php(56): CodeIgniter\Boot::bootWeb(Object(Config\Paths))
10 SYSTEMPATH/rewrite.php(44): require_once('/Users/gustavo/Documents/GitHub/codignatoratk/public/index.php')
INFO - 2025-01-20 03:53:16 --> CSRF token verified.
INFO - 2025-01-20 03:54:20 --> CSRF token verified.
INFO - 2025-01-20 03:54:23 --> CSRF token verified.
INFO - 2025-01-20 03:54:24 --> CSRF token verified.
INFO - 2025-01-20 03:54:24 --> CSRF token verified.
INFO - 2025-01-20 03:54:24 --> CSRF token verified.
INFO - 2025-01-20 03:54:24 --> CSRF token verified.
INFO - 2025-01-20 03:54:25 --> CSRF token verified.
INFO - 2025-01-20 03:54:26 --> CSRF token verified.
INFO - 2025-01-20 03:54:28 --> CSRF token verified.
INFO - 2025-01-20 03:54:31 --> CSRF token verified.
INFO - 2025-01-20 03:55:01 --> CSRF token verified.
INFO - 2025-01-20 03:55:23 --> CSRF token verified.
INFO - 2025-01-20 03:55:49 --> CSRF token verified.
CRITICAL - 2025-01-20 03:56:51 --> CodeIgniter\Security\Exceptions\SecurityException: The action you requested is not allowed.
[Method: POST, Route: cliente/editar/3]
in SYSTEMPATH/Security/Security.php on line 262.
 1 SYSTEMPATH/Security/Security.php(262): CodeIgniter\Security\Exceptions\SecurityException::forDisallowedAction()
 2 SYSTEMPATH/Filters/CSRF.php(52): CodeIgniter\Security\Security->verify(Object(CodeIgniter\HTTP\IncomingRequest))
 3 SYSTEMPATH/Filters/Filters.php(203): CodeIgniter\Filters\CSRF->before(Object(CodeIgniter\HTTP\IncomingRequest), null)
 4 SYSTEMPATH/Filters/Filters.php(184): CodeIgniter\Filters\Filters->runBefore([...])
 5 SYSTEMPATH/CodeIgniter.php(481): CodeIgniter\Filters\Filters->run('cliente/editar/3', 'before')
 6 SYSTEMPATH/CodeIgniter.php(355): CodeIgniter\CodeIgniter->handleRequest(null, Object(Config\Cache), false)
 7 SYSTEMPATH/Boot.php(334): CodeIgniter\CodeIgniter->run()
 8 SYSTEMPATH/Boot.php(67): CodeIgniter\Boot::runCodeIgniter(Object(CodeIgniter\CodeIgniter))
 9 FCPATH/index.php(56): CodeIgniter\Boot::bootWeb(Object(Config\Paths))
10 SYSTEMPATH/rewrite.php(44): require_once('/Users/gustavo/Documents/GitHub/codignatoratk/public/index.php')
INFO - 2025-01-20 04:04:27 --> CSRF token verified.
INFO - 2025-01-20 04:05:29 --> CSRF token verified.
INFO - 2025-01-20 04:05:33 --> CSRF token verified.
CRITICAL - 2025-01-20 04:08:18 --> ArgumentCountError: Too few arguments to function old(), 0 passed in /Users/gustavo/Documents/GitHub/codignatoratk/app/Controllers/ClienteController.php on line 71 and at least 1 expected
[Method: GET, Route: cliente/editar/1]
in SYSTEMPATH/Common.php on line 817.
 1 APPPATH/Controllers/ClienteController.php(71): old()
 2 SYSTEMPATH/CodeIgniter.php(933): App\Controllers\ClienteController->editar('1')
 3 SYSTEMPATH/CodeIgniter.php(509): CodeIgniter\CodeIgniter->runController(Object(App\Controllers\ClienteController))
 4 SYSTEMPATH/CodeIgniter.php(355): CodeIgniter\CodeIgniter->handleRequest(null, Object(Config\Cache), false)
 5 SYSTEMPATH/Boot.php(334): CodeIgniter\CodeIgniter->run()
 6 SYSTEMPATH/Boot.php(67): CodeIgniter\Boot::runCodeIgniter(Object(CodeIgniter\CodeIgniter))
 7 FCPATH/index.php(56): CodeIgniter\Boot::bootWeb(Object(Config\Paths))
 8 SYSTEMPATH/rewrite.php(44): require_once('/Users/gustavo/Documents/GitHub/codignatoratk/public/index.php')
CRITICAL - 2025-01-20 04:08:22 --> ArgumentCountError: Too few arguments to function old(), 0 passed in /Users/gustavo/Documents/GitHub/codignatoratk/app/Controllers/ClienteController.php on line 71 and at least 1 expected
[Method: GET, Route: cliente/editar/1]
in SYSTEMPATH/Common.php on line 817.
 1 APPPATH/Controllers/ClienteController.php(71): old()
 2 SYSTEMPATH/CodeIgniter.php(933): App\Controllers\ClienteController->editar('1')
 3 SYSTEMPATH/CodeIgniter.php(509): CodeIgniter\CodeIgniter->runController(Object(App\Controllers\ClienteController))
 4 SYSTEMPATH/CodeIgniter.php(355): CodeIgniter\CodeIgniter->handleRequest(null, Object(Config\Cache), false)
 5 SYSTEMPATH/Boot.php(334): CodeIgniter\CodeIgniter->run()
 6 SYSTEMPATH/Boot.php(67): CodeIgniter\Boot::runCodeIgniter(Object(CodeIgniter\CodeIgniter))
 7 FCPATH/index.php(56): CodeIgniter\Boot::bootWeb(Object(Config\Paths))
 8 SYSTEMPATH/rewrite.php(44): require_once('/Users/gustavo/Documents/GitHub/codignatoratk/public/index.php')
WARNING - 2025-01-20 04:09:36 --> [DEPRECATED] ini_set(): session.sid_length INI setting is deprecated in SYSTEMPATH/Session/Handlers/FileHandler.php on line 321.
 1 SYSTEMPATH/Session/Handlers/FileHandler.php(321): ini_set('session.sid_length', '40')
 2 SYSTEMPATH/Session/Handlers/FileHandler.php(85): CodeIgniter\Session\Handlers\FileHandler->configureSessionIDRegex()
 3 SYSTEMPATH/Config/Services.php(697): CodeIgniter\Session\Handlers\FileHandler->__construct(Object(Config\Session), '::1')
 4 SYSTEMPATH/Config/BaseService.php(312): CodeIgniter\Config\Services::session(Object(Config\Session), false)
 5 SYSTEMPATH/Config/BaseService.php(251): CodeIgniter\Config\BaseService::__callStatic('session', [...])
 6 SYSTEMPATH/Config/Services.php(668): CodeIgniter\Config\BaseService::getSharedInstance('session', null)
 7 SYSTEMPATH/Config/BaseService.php(321): CodeIgniter\Config\Services::session()
 8 SYSTEMPATH/Config/BaseService.php(202): CodeIgniter\Config\BaseService::__callStatic('session', [])
 9 SYSTEMPATH/Common.php(998): CodeIgniter\Config\BaseService::get('session')
10 SYSTEMPATH/Common.php(971): service('session')
11 SYSTEMPATH/Common.php(821): session()
12 APPPATH/Controllers/ClienteController.php(74): old('nome')
13 SYSTEMPATH/CodeIgniter.php(933): App\Controllers\ClienteController->editar('1')
14 SYSTEMPATH/CodeIgniter.php(509): CodeIgniter\CodeIgniter->runController(Object(App\Controllers\ClienteController))
15 SYSTEMPATH/CodeIgniter.php(355): CodeIgniter\CodeIgniter->handleRequest(null, Object(Config\Cache), false)
16 SYSTEMPATH/Boot.php(334): CodeIgniter\CodeIgniter->run()
17 SYSTEMPATH/Boot.php(67): CodeIgniter\Boot::runCodeIgniter(Object(CodeIgniter\CodeIgniter))
18 FCPATH/index.php(56): CodeIgniter\Boot::bootWeb(Object(Config\Paths))
19 SYSTEMPATH/rewrite.php(44): require_once('/Users/gustavo/Documents/GitHub/codignatoratk/public/index.php')
DEBUG - 2025-01-20 04:09:36 --> Session: Class initialized using 'CodeIgniter\Session\Handlers\FileHandler' driver.
INFO - 2025-01-20 04:09:39 --> CSRF token verified.
WARNING - 2025-01-20 04:09:39 --> [DEPRECATED] ini_set(): session.sid_length INI setting is deprecated in SYSTEMPATH/Session/Handlers/FileHandler.php on line 321.
 1 SYSTEMPATH/Session/Handlers/FileHandler.php(321): ini_set('session.sid_length', '40')
 2 SYSTEMPATH/Session/Handlers/FileHandler.php(85): CodeIgniter\Session\Handlers\FileHandler->configureSessionIDRegex()
 3 SYSTEMPATH/Config/Services.php(697): CodeIgniter\Session\Handlers\FileHandler->__construct(Object(Config\Session), '::1')
 4 SYSTEMPATH/Config/BaseService.php(312): CodeIgniter\Config\Services::session(Object(Config\Session), false)
 5 SYSTEMPATH/Config/BaseService.php(251): CodeIgniter\Config\BaseService::__callStatic('session', [...])
 6 SYSTEMPATH/Config/Services.php(668): CodeIgniter\Config\BaseService::getSharedInstance('session', null)
 7 SYSTEMPATH/Config/BaseService.php(321): CodeIgniter\Config\Services::session()
 8 SYSTEMPATH/Config/BaseService.php(202): CodeIgniter\Config\BaseService::__callStatic('session', [])
 9 SYSTEMPATH/Common.php(998): CodeIgniter\Config\BaseService::get('session')
10 SYSTEMPATH/Common.php(971): service('session')
11 SYSTEMPATH/Common.php(821): session()
12 APPPATH/Controllers/ClienteController.php(74): old('nome')
13 SYSTEMPATH/CodeIgniter.php(933): App\Controllers\ClienteController->editar('1')
14 SYSTEMPATH/CodeIgniter.php(509): CodeIgniter\CodeIgniter->runController(Object(App\Controllers\ClienteController))
15 SYSTEMPATH/CodeIgniter.php(355): CodeIgniter\CodeIgniter->handleRequest(null, Object(Config\Cache), false)
16 SYSTEMPATH/Boot.php(334): CodeIgniter\CodeIgniter->run()
17 SYSTEMPATH/Boot.php(67): CodeIgniter\Boot::runCodeIgniter(Object(CodeIgniter\CodeIgniter))
18 FCPATH/index.php(56): CodeIgniter\Boot::bootWeb(Object(Config\Paths))
19 SYSTEMPATH/rewrite.php(44): require_once('/Users/gustavo/Documents/GitHub/codignatoratk/public/index.php')
DEBUG - 2025-01-20 04:09:39 --> Session: Class initialized using 'CodeIgniter\Session\Handlers\FileHandler' driver.
INFO - 2025-01-20 04:09:43 --> CSRF token verified.
WARNING - 2025-01-20 04:09:43 --> [DEPRECATED] ini_set(): session.sid_length INI setting is deprecated in SYSTEMPATH/Session/Handlers/FileHandler.php on line 321.
 1 SYSTEMPATH/Session/Handlers/FileHandler.php(321): ini_set('session.sid_length', '40')
 2 SYSTEMPATH/Session/Handlers/FileHandler.php(85): CodeIgniter\Session\Handlers\FileHandler->configureSessionIDRegex()
 3 SYSTEMPATH/Config/Services.php(697): CodeIgniter\Session\Handlers\FileHandler->__construct(Object(Config\Session), '::1')
 4 SYSTEMPATH/Config/BaseService.php(312): CodeIgniter\Config\Services::session(Object(Config\Session), false)
 5 SYSTEMPATH/Config/BaseService.php(251): CodeIgniter\Config\BaseService::__callStatic('session', [...])
 6 SYSTEMPATH/Config/Services.php(668): CodeIgniter\Config\BaseService::getSharedInstance('session', null)
 7 SYSTEMPATH/Config/BaseService.php(321): CodeIgniter\Config\Services::session()
 8 SYSTEMPATH/Config/BaseService.php(202): CodeIgniter\Config\BaseService::__callStatic('session', [])
 9 SYSTEMPATH/Common.php(998): CodeIgniter\Config\BaseService::get('session')
10 SYSTEMPATH/Common.php(971): service('session')
11 SYSTEMPATH/Common.php(821): session()
12 APPPATH/Controllers/ClienteController.php(74): old('nome')
13 SYSTEMPATH/CodeIgniter.php(933): App\Controllers\ClienteController->editar('1')
14 SYSTEMPATH/CodeIgniter.php(509): CodeIgniter\CodeIgniter->runController(Object(App\Controllers\ClienteController))
15 SYSTEMPATH/CodeIgniter.php(355): CodeIgniter\CodeIgniter->handleRequest(null, Object(Config\Cache), false)
16 SYSTEMPATH/Boot.php(334): CodeIgniter\CodeIgniter->run()
17 SYSTEMPATH/Boot.php(67): CodeIgniter\Boot::runCodeIgniter(Object(CodeIgniter\CodeIgniter))
18 FCPATH/index.php(56): CodeIgniter\Boot::bootWeb(Object(Config\Paths))
19 SYSTEMPATH/rewrite.php(44): require_once('/Users/gustavo/Documents/GitHub/codignatoratk/public/index.php')
DEBUG - 2025-01-20 04:09:43 --> Session: Class initialized using 'CodeIgniter\Session\Handlers\FileHandler' driver.
WARNING - 2025-01-20 04:12:41 --> [DEPRECATED] ini_set(): session.sid_length INI setting is deprecated in SYSTEMPATH/Session/Handlers/FileHandler.php on line 321.
 1 SYSTEMPATH/Session/Handlers/FileHandler.php(321): ini_set('session.sid_length', '40')
 2 SYSTEMPATH/Session/Handlers/FileHandler.php(85): CodeIgniter\Session\Handlers\FileHandler->configureSessionIDRegex()
 3 SYSTEMPATH/Config/Services.php(697): CodeIgniter\Session\Handlers\FileHandler->__construct(Object(Config\Session), '::1')
 4 SYSTEMPATH/Config/BaseService.php(312): CodeIgniter\Config\Services::session(Object(Config\Session), false)
 5 SYSTEMPATH/Config/BaseService.php(251): CodeIgniter\Config\BaseService::__callStatic('session', [...])
 6 SYSTEMPATH/Config/Services.php(668): CodeIgniter\Config\BaseService::getSharedInstance('session', null)
 7 SYSTEMPATH/Config/BaseService.php(321): CodeIgniter\Config\Services::session()
 8 SYSTEMPATH/Config/BaseService.php(202): CodeIgniter\Config\BaseService::__callStatic('session', [])
 9 SYSTEMPATH/Common.php(998): CodeIgniter\Config\BaseService::get('session')
10 SYSTEMPATH/Common.php(971): service('session')
11 SYSTEMPATH/Common.php(821): session()
12 APPPATH/Controllers/ClienteController.php(74): old('nome')
13 SYSTEMPATH/CodeIgniter.php(933): App\Controllers\ClienteController->editar('1')
14 SYSTEMPATH/CodeIgniter.php(509): CodeIgniter\CodeIgniter->runController(Object(App\Controllers\ClienteController))
15 SYSTEMPATH/CodeIgniter.php(355): CodeIgniter\CodeIgniter->handleRequest(null, Object(Config\Cache), false)
16 SYSTEMPATH/Boot.php(334): CodeIgniter\CodeIgniter->run()
17 SYSTEMPATH/Boot.php(67): CodeIgniter\Boot::runCodeIgniter(Object(CodeIgniter\CodeIgniter))
18 FCPATH/index.php(56): CodeIgniter\Boot::bootWeb(Object(Config\Paths))
19 SYSTEMPATH/rewrite.php(44): require_once('/Users/gustavo/Documents/GitHub/codignatoratk/public/index.php')
DEBUG - 2025-01-20 04:12:41 --> Session: Class initialized using 'CodeIgniter\Session\Handlers\FileHandler' driver.
CRITICAL - 2025-01-20 04:12:41 --> Error: Call to undefined function set_value()
[Method: GET, Route: cliente/editar/1]
in APPPATH/Views/cliente_editar.php on line 15.
 1 SYSTEMPATH/View/View.php(234): include()
 2 SYSTEMPATH/View/View.php(237): CodeIgniter\View\View->{closure:CodeIgniter\View\View::render():231}()
 3 SYSTEMPATH/Common.php(1171): CodeIgniter\View\View->render('cliente_editar', [], true)
 4 APPPATH/Controllers/ClienteController.php(95): view('cliente_editar', [...])
 5 SYSTEMPATH/CodeIgniter.php(933): App\Controllers\ClienteController->editar('1')
 6 SYSTEMPATH/CodeIgniter.php(509): CodeIgniter\CodeIgniter->runController(Object(App\Controllers\ClienteController))
 7 SYSTEMPATH/CodeIgniter.php(355): CodeIgniter\CodeIgniter->handleRequest(null, Object(Config\Cache), false)
 8 SYSTEMPATH/Boot.php(334): CodeIgniter\CodeIgniter->run()
 9 SYSTEMPATH/Boot.php(67): CodeIgniter\Boot::runCodeIgniter(Object(CodeIgniter\CodeIgniter))
10 FCPATH/index.php(56): CodeIgniter\Boot::bootWeb(Object(Config\Paths))
11 SYSTEMPATH/rewrite.php(44): require_once('/Users/gustavo/Documents/GitHub/codignatoratk/public/index.php')
CRITICAL - 2025-01-20 04:16:18 --> Error: Call to undefined function set_value()
[Method: GET, Route: cliente/editar/1]
in APPPATH/Views/cliente_editar.php on line 15.
 1 SYSTEMPATH/View/View.php(234): include()
 2 SYSTEMPATH/View/View.php(237): CodeIgniter\View\View->{closure:CodeIgniter\View\View::render():231}()
 3 SYSTEMPATH/Common.php(1171): CodeIgniter\View\View->render('cliente_editar', [], true)
 4 APPPATH/Controllers/ClienteController.php(85): view('cliente_editar', [...])
 5 SYSTEMPATH/CodeIgniter.php(933): App\Controllers\ClienteController->editar('1')
 6 SYSTEMPATH/CodeIgniter.php(509): CodeIgniter\CodeIgniter->runController(Object(App\Controllers\ClienteController))
 7 SYSTEMPATH/CodeIgniter.php(355): CodeIgniter\CodeIgniter->handleRequest(null, Object(Config\Cache), false)
 8 SYSTEMPATH/Boot.php(334): CodeIgniter\CodeIgniter->run()
 9 SYSTEMPATH/Boot.php(67): CodeIgniter\Boot::runCodeIgniter(Object(CodeIgniter\CodeIgniter))
10 FCPATH/index.php(56): CodeIgniter\Boot::bootWeb(Object(Config\Paths))
11 SYSTEMPATH/rewrite.php(44): require_once('/Users/gustavo/Documents/GitHub/codignatoratk/public/index.php')
CRITICAL - 2025-01-20 04:16:27 --> Error: Call to undefined function set_value()
[Method: GET, Route: cliente/editar/1]
in APPPATH/Views/cliente_editar.php on line 15.
 1 SYSTEMPATH/View/View.php(234): include()
 2 SYSTEMPATH/View/View.php(237): CodeIgniter\View\View->{closure:CodeIgniter\View\View::render():231}()
 3 SYSTEMPATH/Common.php(1171): CodeIgniter\View\View->render('cliente_editar', [], true)
 4 APPPATH/Controllers/ClienteController.php(85): view('cliente_editar', [...])
 5 SYSTEMPATH/CodeIgniter.php(933): App\Controllers\ClienteController->editar('1')
 6 SYSTEMPATH/CodeIgniter.php(509): CodeIgniter\CodeIgniter->runController(Object(App\Controllers\ClienteController))
 7 SYSTEMPATH/CodeIgniter.php(355): CodeIgniter\CodeIgniter->handleRequest(null, Object(Config\Cache), false)
 8 SYSTEMPATH/Boot.php(334): CodeIgniter\CodeIgniter->run()
 9 SYSTEMPATH/Boot.php(67): CodeIgniter\Boot::runCodeIgniter(Object(CodeIgniter\CodeIgniter))
10 FCPATH/index.php(56): CodeIgniter\Boot::bootWeb(Object(Config\Paths))
11 SYSTEMPATH/rewrite.php(44): require_once('/Users/gustavo/Documents/GitHub/codignatoratk/public/index.php')
WARNING - 2025-01-20 04:17:52 --> [DEPRECATED] ini_set(): session.sid_length INI setting is deprecated in SYSTEMPATH/Session/Handlers/FileHandler.php on line 321.
 1 SYSTEMPATH/Session/Handlers/FileHandler.php(321): ini_set('session.sid_length', '40')
 2 SYSTEMPATH/Session/Handlers/FileHandler.php(85): CodeIgniter\Session\Handlers\FileHandler->configureSessionIDRegex()
 3 SYSTEMPATH/Config/Services.php(697): CodeIgniter\Session\Handlers\FileHandler->__construct(Object(Config\Session), '::1')
 4 SYSTEMPATH/Config/BaseService.php(312): CodeIgniter\Config\Services::session(Object(Config\Session), false)
 5 SYSTEMPATH/Config/BaseService.php(251): CodeIgniter\Config\BaseService::__callStatic('session', [...])
 6 SYSTEMPATH/Config/Services.php(668): CodeIgniter\Config\BaseService::getSharedInstance('session', null)
 7 SYSTEMPATH/Config/BaseService.php(321): CodeIgniter\Config\Services::session()
 8 SYSTEMPATH/Config/BaseService.php(202): CodeIgniter\Config\BaseService::__callStatic('session', [])
 9 SYSTEMPATH/Common.php(998): CodeIgniter\Config\BaseService::get('session')
10 SYSTEMPATH/Common.php(971): service('session')
11 SYSTEMPATH/Common.php(821): session()
12 APPPATH/Views/cliente_editar.php(15): old('nome', 'Fernando')
13 SYSTEMPATH/View/View.php(234): include('/Users/gustavo/Documents/GitHub/codignatoratk/app/Views/cliente_editar.php')
14 SYSTEMPATH/View/View.php(237): CodeIgniter\View\View->{closure:CodeIgniter\View\View::render():231}()
15 SYSTEMPATH/Common.php(1171): CodeIgniter\View\View->render('cliente_editar', [], true)
16 APPPATH/Controllers/ClienteController.php(85): view('cliente_editar', [...])
17 SYSTEMPATH/CodeIgniter.php(933): App\Controllers\ClienteController->editar('3')
18 SYSTEMPATH/CodeIgniter.php(509): CodeIgniter\CodeIgniter->runController(Object(App\Controllers\ClienteController))
19 SYSTEMPATH/CodeIgniter.php(355): CodeIgniter\CodeIgniter->handleRequest(null, Object(Config\Cache), false)
20 SYSTEMPATH/Boot.php(334): CodeIgniter\CodeIgniter->run()
21 SYSTEMPATH/Boot.php(67): CodeIgniter\Boot::runCodeIgniter(Object(CodeIgniter\CodeIgniter))
22 FCPATH/index.php(56): CodeIgniter\Boot::bootWeb(Object(Config\Paths))
23 SYSTEMPATH/rewrite.php(44): require_once('/Users/gustavo/Documents/GitHub/codignatoratk/public/index.php')
DEBUG - 2025-01-20 04:17:52 --> Session: Class initialized using 'CodeIgniter\Session\Handlers\FileHandler' driver.
INFO - 2025-01-20 04:17:55 --> CSRF token verified.
WARNING - 2025-01-20 04:17:55 --> [DEPRECATED] ini_set(): session.sid_length INI setting is deprecated in SYSTEMPATH/Session/Handlers/FileHandler.php on line 321.
 1 SYSTEMPATH/Session/Handlers/FileHandler.php(321): ini_set('session.sid_length', '40')
 2 SYSTEMPATH/Session/Handlers/FileHandler.php(85): CodeIgniter\Session\Handlers\FileHandler->configureSessionIDRegex()
 3 SYSTEMPATH/Config/Services.php(697): CodeIgniter\Session\Handlers\FileHandler->__construct(Object(Config\Session), '::1')
 4 SYSTEMPATH/Config/BaseService.php(312): CodeIgniter\Config\Services::session(Object(Config\Session), false)
 5 SYSTEMPATH/Config/BaseService.php(251): CodeIgniter\Config\BaseService::__callStatic('session', [...])
 6 SYSTEMPATH/Config/Services.php(668): CodeIgniter\Config\BaseService::getSharedInstance('session', null)
 7 SYSTEMPATH/Config/BaseService.php(321): CodeIgniter\Config\Services::session()
 8 SYSTEMPATH/Config/BaseService.php(202): CodeIgniter\Config\BaseService::__callStatic('session', [])
 9 SYSTEMPATH/Common.php(998): CodeIgniter\Config\BaseService::get('session')
10 SYSTEMPATH/Common.php(971): service('session')
11 SYSTEMPATH/Common.php(821): session()
12 APPPATH/Views/cliente_editar.php(15): old('nome', 'Fernando')
13 SYSTEMPATH/View/View.php(234): include('/Users/gustavo/Documents/GitHub/codignatoratk/app/Views/cliente_editar.php')
14 SYSTEMPATH/View/View.php(237): CodeIgniter\View\View->{closure:CodeIgniter\View\View::render():231}()
15 SYSTEMPATH/Common.php(1171): CodeIgniter\View\View->render('cliente_editar', [], true)
16 APPPATH/Controllers/ClienteController.php(85): view('cliente_editar', [...])
17 SYSTEMPATH/CodeIgniter.php(933): App\Controllers\ClienteController->editar('3')
18 SYSTEMPATH/CodeIgniter.php(509): CodeIgniter\CodeIgniter->runController(Object(App\Controllers\ClienteController))
19 SYSTEMPATH/CodeIgniter.php(355): CodeIgniter\CodeIgniter->handleRequest(null, Object(Config\Cache), false)
20 SYSTEMPATH/Boot.php(334): CodeIgniter\CodeIgniter->run()
21 SYSTEMPATH/Boot.php(67): CodeIgniter\Boot::runCodeIgniter(Object(CodeIgniter\CodeIgniter))
22 FCPATH/index.php(56): CodeIgniter\Boot::bootWeb(Object(Config\Paths))
23 SYSTEMPATH/rewrite.php(44): require_once('/Users/gustavo/Documents/GitHub/codignatoratk/public/index.php')
DEBUG - 2025-01-20 04:17:55 --> Session: Class initialized using 'CodeIgniter\Session\Handlers\FileHandler' driver.
INFO - 2025-01-20 04:17:59 --> CSRF token verified.
WARNING - 2025-01-20 04:17:59 --> [DEPRECATED] ini_set(): session.sid_length INI setting is deprecated in SYSTEMPATH/Session/Handlers/FileHandler.php on line 321.
 1 SYSTEMPATH/Session/Handlers/FileHandler.php(321): ini_set('session.sid_length', '40')
 2 SYSTEMPATH/Session/Handlers/FileHandler.php(85): CodeIgniter\Session\Handlers\FileHandler->configureSessionIDRegex()
 3 SYSTEMPATH/Config/Services.php(697): CodeIgniter\Session\Handlers\FileHandler->__construct(Object(Config\Session), '::1')
 4 SYSTEMPATH/Config/BaseService.php(312): CodeIgniter\Config\Services::session(Object(Config\Session), false)
 5 SYSTEMPATH/Config/BaseService.php(251): CodeIgniter\Config\BaseService::__callStatic('session', [...])
 6 SYSTEMPATH/Config/Services.php(668): CodeIgniter\Config\BaseService::getSharedInstance('session', null)
 7 SYSTEMPATH/Config/BaseService.php(321): CodeIgniter\Config\Services::session()
 8 SYSTEMPATH/Config/BaseService.php(202): CodeIgniter\Config\BaseService::__callStatic('session', [])
 9 SYSTEMPATH/Common.php(998): CodeIgniter\Config\BaseService::get('session')
10 SYSTEMPATH/Common.php(971): service('session')
11 SYSTEMPATH/Common.php(821): session()
12 APPPATH/Views/cliente_editar.php(15): old('nome', 'Fernando')
13 SYSTEMPATH/View/View.php(234): include('/Users/gustavo/Documents/GitHub/codignatoratk/app/Views/cliente_editar.php')
14 SYSTEMPATH/View/View.php(237): CodeIgniter\View\View->{closure:CodeIgniter\View\View::render():231}()
15 SYSTEMPATH/Common.php(1171): CodeIgniter\View\View->render('cliente_editar', [], true)
16 APPPATH/Controllers/ClienteController.php(85): view('cliente_editar', [...])
17 SYSTEMPATH/CodeIgniter.php(933): App\Controllers\ClienteController->editar('3')
18 SYSTEMPATH/CodeIgniter.php(509): CodeIgniter\CodeIgniter->runController(Object(App\Controllers\ClienteController))
19 SYSTEMPATH/CodeIgniter.php(355): CodeIgniter\CodeIgniter->handleRequest(null, Object(Config\Cache), false)
20 SYSTEMPATH/Boot.php(334): CodeIgniter\CodeIgniter->run()
21 SYSTEMPATH/Boot.php(67): CodeIgniter\Boot::runCodeIgniter(Object(CodeIgniter\CodeIgniter))
22 FCPATH/index.php(56): CodeIgniter\Boot::bootWeb(Object(Config\Paths))
23 SYSTEMPATH/rewrite.php(44): require_once('/Users/gustavo/Documents/GitHub/codignatoratk/public/index.php')
DEBUG - 2025-01-20 04:17:59 --> Session: Class initialized using 'CodeIgniter\Session\Handlers\FileHandler' driver.
CRITICAL - 2025-01-20 04:22:24 --> CodeIgniter\Security\Exceptions\SecurityException: The action you requested is not allowed.
[Method: POST, Route: cliente/editar/3]
in SYSTEMPATH/Security/Security.php on line 262.
 1 SYSTEMPATH/Security/Security.php(262): CodeIgniter\Security\Exceptions\SecurityException::forDisallowedAction()
 2 SYSTEMPATH/Filters/CSRF.php(52): CodeIgniter\Security\Security->verify(Object(CodeIgniter\HTTP\IncomingRequest))
 3 SYSTEMPATH/Filters/Filters.php(203): CodeIgniter\Filters\CSRF->before(Object(CodeIgniter\HTTP\IncomingRequest), null)
 4 SYSTEMPATH/Filters/Filters.php(184): CodeIgniter\Filters\Filters->runBefore([...])
 5 SYSTEMPATH/CodeIgniter.php(481): CodeIgniter\Filters\Filters->run('cliente/editar/3', 'before')
 6 SYSTEMPATH/CodeIgniter.php(355): CodeIgniter\CodeIgniter->handleRequest(null, Object(Config\Cache), false)
 7 SYSTEMPATH/Boot.php(334): CodeIgniter\CodeIgniter->run()
 8 SYSTEMPATH/Boot.php(67): CodeIgniter\Boot::runCodeIgniter(Object(CodeIgniter\CodeIgniter))
 9 FCPATH/index.php(56): CodeIgniter\Boot::bootWeb(Object(Config\Paths))
10 SYSTEMPATH/rewrite.php(44): require_once('/Users/gustavo/Documents/GitHub/codignatoratk/public/index.php')
CRITICAL - 2025-01-20 04:22:31 --> CodeIgniter\Security\Exceptions\SecurityException: The action you requested is not allowed.
[Method: POST, Route: cliente/editar/3]
in SYSTEMPATH/Security/Security.php on line 262.
 1 SYSTEMPATH/Security/Security.php(262): CodeIgniter\Security\Exceptions\SecurityException::forDisallowedAction()
 2 SYSTEMPATH/Filters/CSRF.php(52): CodeIgniter\Security\Security->verify(Object(CodeIgniter\HTTP\IncomingRequest))
 3 SYSTEMPATH/Filters/Filters.php(203): CodeIgniter\Filters\CSRF->before(Object(CodeIgniter\HTTP\IncomingRequest), null)
 4 SYSTEMPATH/Filters/Filters.php(184): CodeIgniter\Filters\Filters->runBefore([...])
 5 SYSTEMPATH/CodeIgniter.php(481): CodeIgniter\Filters\Filters->run('cliente/editar/3', 'before')
 6 SYSTEMPATH/CodeIgniter.php(355): CodeIgniter\CodeIgniter->handleRequest(null, Object(Config\Cache), false)
 7 SYSTEMPATH/Boot.php(334): CodeIgniter\CodeIgniter->run()
 8 SYSTEMPATH/Boot.php(67): CodeIgniter\Boot::runCodeIgniter(Object(CodeIgniter\CodeIgniter))
 9 FCPATH/index.php(56): CodeIgniter\Boot::bootWeb(Object(Config\Paths))
10 SYSTEMPATH/rewrite.php(44): require_once('/Users/gustavo/Documents/GitHub/codignatoratk/public/index.php')
WARNING - 2025-01-20 04:22:33 --> [DEPRECATED] ini_set(): session.sid_length INI setting is deprecated in SYSTEMPATH/Session/Handlers/FileHandler.php on line 321.
 1 SYSTEMPATH/Session/Handlers/FileHandler.php(321): ini_set('session.sid_length', '40')
 2 SYSTEMPATH/Session/Handlers/FileHandler.php(85): CodeIgniter\Session\Handlers\FileHandler->configureSessionIDRegex()
 3 SYSTEMPATH/Config/Services.php(697): CodeIgniter\Session\Handlers\FileHandler->__construct(Object(Config\Session), '::1')
 4 SYSTEMPATH/Config/BaseService.php(312): CodeIgniter\Config\Services::session(Object(Config\Session), false)
 5 SYSTEMPATH/Config/BaseService.php(251): CodeIgniter\Config\BaseService::__callStatic('session', [...])
 6 SYSTEMPATH/Config/Services.php(668): CodeIgniter\Config\BaseService::getSharedInstance('session', null)
 7 SYSTEMPATH/Config/BaseService.php(321): CodeIgniter\Config\Services::session()
 8 SYSTEMPATH/Config/BaseService.php(202): CodeIgniter\Config\BaseService::__callStatic('session', [])
 9 SYSTEMPATH/Common.php(998): CodeIgniter\Config\BaseService::get('session')
10 SYSTEMPATH/Common.php(971): service('session')
11 SYSTEMPATH/Common.php(821): session()
12 APPPATH/Views/cliente_editar.php(15): old('nome', 'Fernando')
13 SYSTEMPATH/View/View.php(234): include('/Users/gustavo/Documents/GitHub/codignatoratk/app/Views/cliente_editar.php')
14 SYSTEMPATH/View/View.php(237): CodeIgniter\View\View->{closure:CodeIgniter\View\View::render():231}()
15 SYSTEMPATH/Common.php(1171): CodeIgniter\View\View->render('cliente_editar', [], true)
16 APPPATH/Controllers/ClienteController.php(85): view('cliente_editar', [...])
17 SYSTEMPATH/CodeIgniter.php(933): App\Controllers\ClienteController->editar('3')
18 SYSTEMPATH/CodeIgniter.php(509): CodeIgniter\CodeIgniter->runController(Object(App\Controllers\ClienteController))
19 SYSTEMPATH/CodeIgniter.php(355): CodeIgniter\CodeIgniter->handleRequest(null, Object(Config\Cache), false)
20 SYSTEMPATH/Boot.php(334): CodeIgniter\CodeIgniter->run()
21 SYSTEMPATH/Boot.php(67): CodeIgniter\Boot::runCodeIgniter(Object(CodeIgniter\CodeIgniter))
22 FCPATH/index.php(56): CodeIgniter\Boot::bootWeb(Object(Config\Paths))
23 SYSTEMPATH/rewrite.php(44): require_once('/Users/gustavo/Documents/GitHub/codignatoratk/public/index.php')
DEBUG - 2025-01-20 04:22:33 --> Session: Class initialized using 'CodeIgniter\Session\Handlers\FileHandler' driver.
INFO - 2025-01-20 04:22:37 --> CSRF token verified.
WARNING - 2025-01-20 04:22:37 --> [DEPRECATED] ini_set(): session.sid_length INI setting is deprecated in SYSTEMPATH/Session/Handlers/FileHandler.php on line 321.
 1 SYSTEMPATH/Session/Handlers/FileHandler.php(321): ini_set('session.sid_length', '40')
 2 SYSTEMPATH/Session/Handlers/FileHandler.php(85): CodeIgniter\Session\Handlers\FileHandler->configureSessionIDRegex()
 3 SYSTEMPATH/Config/Services.php(697): CodeIgniter\Session\Handlers\FileHandler->__construct(Object(Config\Session), '::1')
 4 SYSTEMPATH/Config/BaseService.php(312): CodeIgniter\Config\Services::session(Object(Config\Session), false)
 5 SYSTEMPATH/Config/BaseService.php(251): CodeIgniter\Config\BaseService::__callStatic('session', [...])
 6 SYSTEMPATH/Config/Services.php(668): CodeIgniter\Config\BaseService::getSharedInstance('session', null)
 7 SYSTEMPATH/Config/BaseService.php(321): CodeIgniter\Config\Services::session()
 8 SYSTEMPATH/Config/BaseService.php(202): CodeIgniter\Config\BaseService::__callStatic('session', [])
 9 SYSTEMPATH/Common.php(998): CodeIgniter\Config\BaseService::get('session')
10 SYSTEMPATH/Common.php(971): service('session')
11 SYSTEMPATH/Common.php(821): session()
12 APPPATH/Views/cliente_editar.php(15): old('nome', 'Fernando')
13 SYSTEMPATH/View/View.php(234): include('/Users/gustavo/Documents/GitHub/codignatoratk/app/Views/cliente_editar.php')
14 SYSTEMPATH/View/View.php(237): CodeIgniter\View\View->{closure:CodeIgniter\View\View::render():231}()
15 SYSTEMPATH/Common.php(1171): CodeIgniter\View\View->render('cliente_editar', [], true)
16 APPPATH/Controllers/ClienteController.php(85): view('cliente_editar', [...])
17 SYSTEMPATH/CodeIgniter.php(933): App\Controllers\ClienteController->editar('3')
18 SYSTEMPATH/CodeIgniter.php(509): CodeIgniter\CodeIgniter->runController(Object(App\Controllers\ClienteController))
19 SYSTEMPATH/CodeIgniter.php(355): CodeIgniter\CodeIgniter->handleRequest(null, Object(Config\Cache), false)
20 SYSTEMPATH/Boot.php(334): CodeIgniter\CodeIgniter->run()
21 SYSTEMPATH/Boot.php(67): CodeIgniter\Boot::runCodeIgniter(Object(CodeIgniter\CodeIgniter))
22 FCPATH/index.php(56): CodeIgniter\Boot::bootWeb(Object(Config\Paths))
23 SYSTEMPATH/rewrite.php(44): require_once('/Users/gustavo/Documents/GitHub/codignatoratk/public/index.php')
DEBUG - 2025-01-20 04:22:37 --> Session: Class initialized using 'CodeIgniter\Session\Handlers\FileHandler' driver.
WARNING - 2025-01-20 04:22:42 --> [DEPRECATED] ini_set(): session.sid_length INI setting is deprecated in SYSTEMPATH/Session/Handlers/FileHandler.php on line 321.
 1 SYSTEMPATH/Session/Handlers/FileHandler.php(321): ini_set('session.sid_length', '40')
 2 SYSTEMPATH/Session/Handlers/FileHandler.php(85): CodeIgniter\Session\Handlers\FileHandler->configureSessionIDRegex()
 3 SYSTEMPATH/Config/Services.php(697): CodeIgniter\Session\Handlers\FileHandler->__construct(Object(Config\Session), '::1')
 4 SYSTEMPATH/Config/BaseService.php(312): CodeIgniter\Config\Services::session(Object(Config\Session), false)
 5 SYSTEMPATH/Config/BaseService.php(251): CodeIgniter\Config\BaseService::__callStatic('session', [...])
 6 SYSTEMPATH/Config/Services.php(668): CodeIgniter\Config\BaseService::getSharedInstance('session', null)
 7 SYSTEMPATH/Config/BaseService.php(321): CodeIgniter\Config\Services::session()
 8 SYSTEMPATH/Config/BaseService.php(202): CodeIgniter\Config\BaseService::__callStatic('session', [])
 9 SYSTEMPATH/Common.php(998): CodeIgniter\Config\BaseService::get('session')
10 SYSTEMPATH/Common.php(971): service('session')
11 SYSTEMPATH/Common.php(821): session()
12 APPPATH/Views/cliente_editar.php(15): old('nome', 'Novo Nome')
13 SYSTEMPATH/View/View.php(234): include('/Users/gustavo/Documents/GitHub/codignatoratk/app/Views/cliente_editar.php')
14 SYSTEMPATH/View/View.php(237): CodeIgniter\View\View->{closure:CodeIgniter\View\View::render():231}()
15 SYSTEMPATH/Common.php(1171): CodeIgniter\View\View->render('cliente_editar', [], true)
16 APPPATH/Controllers/ClienteController.php(85): view('cliente_editar', [...])
17 SYSTEMPATH/CodeIgniter.php(933): App\Controllers\ClienteController->editar('1')
18 SYSTEMPATH/CodeIgniter.php(509): CodeIgniter\CodeIgniter->runController(Object(App\Controllers\ClienteController))
19 SYSTEMPATH/CodeIgniter.php(355): CodeIgniter\CodeIgniter->handleRequest(null, Object(Config\Cache), false)
20 SYSTEMPATH/Boot.php(334): CodeIgniter\CodeIgniter->run()
21 SYSTEMPATH/Boot.php(67): CodeIgniter\Boot::runCodeIgniter(Object(CodeIgniter\CodeIgniter))
22 FCPATH/index.php(56): CodeIgniter\Boot::bootWeb(Object(Config\Paths))
23 SYSTEMPATH/rewrite.php(44): require_once('/Users/gustavo/Documents/GitHub/codignatoratk/public/index.php')
DEBUG - 2025-01-20 04:22:42 --> Session: Class initialized using 'CodeIgniter\Session\Handlers\FileHandler' driver.
INFO - 2025-01-20 04:22:47 --> CSRF token verified.
WARNING - 2025-01-20 04:22:47 --> [DEPRECATED] ini_set(): session.sid_length INI setting is deprecated in SYSTEMPATH/Session/Handlers/FileHandler.php on line 321.
 1 SYSTEMPATH/Session/Handlers/FileHandler.php(321): ini_set('session.sid_length', '40')
 2 SYSTEMPATH/Session/Handlers/FileHandler.php(85): CodeIgniter\Session\Handlers\FileHandler->configureSessionIDRegex()
 3 SYSTEMPATH/Config/Services.php(697): CodeIgniter\Session\Handlers\FileHandler->__construct(Object(Config\Session), '::1')
 4 SYSTEMPATH/Config/BaseService.php(312): CodeIgniter\Config\Services::session(Object(Config\Session), false)
 5 SYSTEMPATH/Config/BaseService.php(251): CodeIgniter\Config\BaseService::__callStatic('session', [...])
 6 SYSTEMPATH/Config/Services.php(668): CodeIgniter\Config\BaseService::getSharedInstance('session', null)
 7 SYSTEMPATH/Config/BaseService.php(321): CodeIgniter\Config\Services::session()
 8 SYSTEMPATH/Config/BaseService.php(202): CodeIgniter\Config\BaseService::__callStatic('session', [])
 9 SYSTEMPATH/Common.php(998): CodeIgniter\Config\BaseService::get('session')
10 SYSTEMPATH/Common.php(971): service('session')
11 SYSTEMPATH/Common.php(821): session()
12 APPPATH/Views/cliente_editar.php(15): old('nome', 'Novo Nome')
13 SYSTEMPATH/View/View.php(234): include('/Users/gustavo/Documents/GitHub/codignatoratk/app/Views/cliente_editar.php')
14 SYSTEMPATH/View/View.php(237): CodeIgniter\View\View->{closure:CodeIgniter\View\View::render():231}()
15 SYSTEMPATH/Common.php(1171): CodeIgniter\View\View->render('cliente_editar', [], true)
16 APPPATH/Controllers/ClienteController.php(85): view('cliente_editar', [...])
17 SYSTEMPATH/CodeIgniter.php(933): App\Controllers\ClienteController->editar('1')
18 SYSTEMPATH/CodeIgniter.php(509): CodeIgniter\CodeIgniter->runController(Object(App\Controllers\ClienteController))
19 SYSTEMPATH/CodeIgniter.php(355): CodeIgniter\CodeIgniter->handleRequest(null, Object(Config\Cache), false)
20 SYSTEMPATH/Boot.php(334): CodeIgniter\CodeIgniter->run()
21 SYSTEMPATH/Boot.php(67): CodeIgniter\Boot::runCodeIgniter(Object(CodeIgniter\CodeIgniter))
22 FCPATH/index.php(56): CodeIgniter\Boot::bootWeb(Object(Config\Paths))
23 SYSTEMPATH/rewrite.php(44): require_once('/Users/gustavo/Documents/GitHub/codignatoratk/public/index.php')
DEBUG - 2025-01-20 04:22:47 --> Session: Class initialized using 'CodeIgniter\Session\Handlers\FileHandler' driver.
WARNING - 2025-01-20 04:22:50 --> [DEPRECATED] ini_set(): session.sid_length INI setting is deprecated in SYSTEMPATH/Session/Handlers/FileHandler.php on line 321.
 1 SYSTEMPATH/Session/Handlers/FileHandler.php(321): ini_set('session.sid_length', '40')
 2 SYSTEMPATH/Session/Handlers/FileHandler.php(85): CodeIgniter\Session\Handlers\FileHandler->configureSessionIDRegex()
 3 SYSTEMPATH/Config/Services.php(697): CodeIgniter\Session\Handlers\FileHandler->__construct(Object(Config\Session), '::1')
 4 SYSTEMPATH/Config/BaseService.php(312): CodeIgniter\Config\Services::session(Object(Config\Session), false)
 5 SYSTEMPATH/Config/BaseService.php(251): CodeIgniter\Config\BaseService::__callStatic('session', [...])
 6 SYSTEMPATH/Config/Services.php(668): CodeIgniter\Config\BaseService::getSharedInstance('session', null)
 7 SYSTEMPATH/Config/BaseService.php(321): CodeIgniter\Config\Services::session()
 8 SYSTEMPATH/Config/BaseService.php(202): CodeIgniter\Config\BaseService::__callStatic('session', [])
 9 SYSTEMPATH/Common.php(998): CodeIgniter\Config\BaseService::get('session')
10 SYSTEMPATH/Common.php(971): service('session')
11 SYSTEMPATH/Common.php(821): session()
12 APPPATH/Views/cliente_editar.php(15): old('nome', 'Fernando')
13 SYSTEMPATH/View/View.php(234): include('/Users/gustavo/Documents/GitHub/codignatoratk/app/Views/cliente_editar.php')
14 SYSTEMPATH/View/View.php(237): CodeIgniter\View\View->{closure:CodeIgniter\View\View::render():231}()
15 SYSTEMPATH/Common.php(1171): CodeIgniter\View\View->render('cliente_editar', [], true)
16 APPPATH/Controllers/ClienteController.php(85): view('cliente_editar', [...])
17 SYSTEMPATH/CodeIgniter.php(933): App\Controllers\ClienteController->editar('3')
18 SYSTEMPATH/CodeIgniter.php(509): CodeIgniter\CodeIgniter->runController(Object(App\Controllers\ClienteController))
19 SYSTEMPATH/CodeIgniter.php(355): CodeIgniter\CodeIgniter->handleRequest(null, Object(Config\Cache), false)
20 SYSTEMPATH/Boot.php(334): CodeIgniter\CodeIgniter->run()
21 SYSTEMPATH/Boot.php(67): CodeIgniter\Boot::runCodeIgniter(Object(CodeIgniter\CodeIgniter))
22 FCPATH/index.php(56): CodeIgniter\Boot::bootWeb(Object(Config\Paths))
23 SYSTEMPATH/rewrite.php(44): require_once('/Users/gustavo/Documents/GitHub/codignatoratk/public/index.php')
DEBUG - 2025-01-20 04:22:50 --> Session: Class initialized using 'CodeIgniter\Session\Handlers\FileHandler' driver.
WARNING - 2025-01-20 04:22:53 --> [DEPRECATED] ini_set(): session.sid_length INI setting is deprecated in SYSTEMPATH/Session/Handlers/FileHandler.php on line 321.
 1 SYSTEMPATH/Session/Handlers/FileHandler.php(321): ini_set('session.sid_length', '40')
 2 SYSTEMPATH/Session/Handlers/FileHandler.php(85): CodeIgniter\Session\Handlers\FileHandler->configureSessionIDRegex()
 3 SYSTEMPATH/Config/Services.php(697): CodeIgniter\Session\Handlers\FileHandler->__construct(Object(Config\Session), '::1')
 4 SYSTEMPATH/Config/BaseService.php(312): CodeIgniter\Config\Services::session(Object(Config\Session), false)
 5 SYSTEMPATH/Config/BaseService.php(251): CodeIgniter\Config\BaseService::__callStatic('session', [...])
 6 SYSTEMPATH/Config/Services.php(668): CodeIgniter\Config\BaseService::getSharedInstance('session', null)
 7 SYSTEMPATH/Config/BaseService.php(321): CodeIgniter\Config\Services::session()
 8 SYSTEMPATH/Config/BaseService.php(202): CodeIgniter\Config\BaseService::__callStatic('session', [])
 9 SYSTEMPATH/Common.php(998): CodeIgniter\Config\BaseService::get('session')
10 SYSTEMPATH/Common.php(971): service('session')
11 SYSTEMPATH/Common.php(821): session()
12 APPPATH/Views/cliente_editar.php(15): old('nome', 'carlos')
13 SYSTEMPATH/View/View.php(234): include('/Users/gustavo/Documents/GitHub/codignatoratk/app/Views/cliente_editar.php')
14 SYSTEMPATH/View/View.php(237): CodeIgniter\View\View->{closure:CodeIgniter\View\View::render():231}()
15 SYSTEMPATH/Common.php(1171): CodeIgniter\View\View->render('cliente_editar', [], true)
16 APPPATH/Controllers/ClienteController.php(85): view('cliente_editar', [...])
17 SYSTEMPATH/CodeIgniter.php(933): App\Controllers\ClienteController->editar('4')
18 SYSTEMPATH/CodeIgniter.php(509): CodeIgniter\CodeIgniter->runController(Object(App\Controllers\ClienteController))
19 SYSTEMPATH/CodeIgniter.php(355): CodeIgniter\CodeIgniter->handleRequest(null, Object(Config\Cache), false)
20 SYSTEMPATH/Boot.php(334): CodeIgniter\CodeIgniter->run()
21 SYSTEMPATH/Boot.php(67): CodeIgniter\Boot::runCodeIgniter(Object(CodeIgniter\CodeIgniter))
22 FCPATH/index.php(56): CodeIgniter\Boot::bootWeb(Object(Config\Paths))
23 SYSTEMPATH/rewrite.php(44): require_once('/Users/gustavo/Documents/GitHub/codignatoratk/public/index.php')
DEBUG - 2025-01-20 04:22:53 --> Session: Class initialized using 'CodeIgniter\Session\Handlers\FileHandler' driver.
INFO - 2025-01-20 04:22:58 --> CSRF token verified.
WARNING - 2025-01-20 04:22:58 --> [DEPRECATED] ini_set(): session.sid_length INI setting is deprecated in SYSTEMPATH/Session/Handlers/FileHandler.php on line 321.
 1 SYSTEMPATH/Session/Handlers/FileHandler.php(321): ini_set('session.sid_length', '40')
 2 SYSTEMPATH/Session/Handlers/FileHandler.php(85): CodeIgniter\Session\Handlers\FileHandler->configureSessionIDRegex()
 3 SYSTEMPATH/Config/Services.php(697): CodeIgniter\Session\Handlers\FileHandler->__construct(Object(Config\Session), '::1')
 4 SYSTEMPATH/Config/BaseService.php(312): CodeIgniter\Config\Services::session(Object(Config\Session), false)
 5 SYSTEMPATH/Config/BaseService.php(251): CodeIgniter\Config\BaseService::__callStatic('session', [...])
 6 SYSTEMPATH/Config/Services.php(668): CodeIgniter\Config\BaseService::getSharedInstance('session', null)
 7 SYSTEMPATH/Config/BaseService.php(321): CodeIgniter\Config\Services::session()
 8 SYSTEMPATH/Config/BaseService.php(202): CodeIgniter\Config\BaseService::__callStatic('session', [])
 9 SYSTEMPATH/Common.php(998): CodeIgniter\Config\BaseService::get('session')
10 SYSTEMPATH/Common.php(971): service('session')
11 SYSTEMPATH/Common.php(821): session()
12 APPPATH/Views/cliente_editar.php(15): old('nome', 'carlos')
13 SYSTEMPATH/View/View.php(234): include('/Users/gustavo/Documents/GitHub/codignatoratk/app/Views/cliente_editar.php')
14 SYSTEMPATH/View/View.php(237): CodeIgniter\View\View->{closure:CodeIgniter\View\View::render():231}()
15 SYSTEMPATH/Common.php(1171): CodeIgniter\View\View->render('cliente_editar', [], true)
16 APPPATH/Controllers/ClienteController.php(85): view('cliente_editar', [...])
17 SYSTEMPATH/CodeIgniter.php(933): App\Controllers\ClienteController->editar('4')
18 SYSTEMPATH/CodeIgniter.php(509): CodeIgniter\CodeIgniter->runController(Object(App\Controllers\ClienteController))
19 SYSTEMPATH/CodeIgniter.php(355): CodeIgniter\CodeIgniter->handleRequest(null, Object(Config\Cache), false)
20 SYSTEMPATH/Boot.php(334): CodeIgniter\CodeIgniter->run()
21 SYSTEMPATH/Boot.php(67): CodeIgniter\Boot::runCodeIgniter(Object(CodeIgniter\CodeIgniter))
22 FCPATH/index.php(56): CodeIgniter\Boot::bootWeb(Object(Config\Paths))
23 SYSTEMPATH/rewrite.php(44): require_once('/Users/gustavo/Documents/GitHub/codignatoratk/public/index.php')
DEBUG - 2025-01-20 04:22:58 --> Session: Class initialized using 'CodeIgniter\Session\Handlers\FileHandler' driver.
WARNING - 2025-01-20 04:32:13 --> [DEPRECATED] ini_set(): session.sid_length INI setting is deprecated in SYSTEMPATH/Session/Handlers/FileHandler.php on line 321.
 1 SYSTEMPATH/Session/Handlers/FileHandler.php(321): ini_set('session.sid_length', '40')
 2 SYSTEMPATH/Session/Handlers/FileHandler.php(85): CodeIgniter\Session\Handlers\FileHandler->configureSessionIDRegex()
 3 SYSTEMPATH/Config/Services.php(697): CodeIgniter\Session\Handlers\FileHandler->__construct(Object(Config\Session), '::1')
 4 SYSTEMPATH/Config/BaseService.php(312): CodeIgniter\Config\Services::session(Object(Config\Session), false)
 5 SYSTEMPATH/Config/BaseService.php(251): CodeIgniter\Config\BaseService::__callStatic('session', [...])
 6 SYSTEMPATH/Config/Services.php(668): CodeIgniter\Config\BaseService::getSharedInstance('session', null)
 7 SYSTEMPATH/Config/BaseService.php(321): CodeIgniter\Config\Services::session()
 8 SYSTEMPATH/Config/BaseService.php(202): CodeIgniter\Config\BaseService::__callStatic('session', [])
 9 SYSTEMPATH/Common.php(998): CodeIgniter\Config\BaseService::get('session')
10 SYSTEMPATH/Common.php(971): service('session')
11 APPPATH/Views/calculadora.php(11): session('error')
12 SYSTEMPATH/View/View.php(234): include('/Users/gustavo/Documents/GitHub/codignatoratk/app/Views/calculadora.php')
13 SYSTEMPATH/View/View.php(237): CodeIgniter\View\View->{closure:CodeIgniter\View\View::render():231}()
14 SYSTEMPATH/Common.php(1171): CodeIgniter\View\View->render('calculadora', [], true)
15 APPPATH/Controllers/CalculadoraController.php(11): view('calculadora')
16 SYSTEMPATH/CodeIgniter.php(933): App\Controllers\CalculadoraController->index()
17 SYSTEMPATH/CodeIgniter.php(509): CodeIgniter\CodeIgniter->runController(Object(App\Controllers\CalculadoraController))
18 SYSTEMPATH/CodeIgniter.php(355): CodeIgniter\CodeIgniter->handleRequest(null, Object(Config\Cache), false)
19 SYSTEMPATH/Boot.php(334): CodeIgniter\CodeIgniter->run()
20 SYSTEMPATH/Boot.php(67): CodeIgniter\Boot::runCodeIgniter(Object(CodeIgniter\CodeIgniter))
21 FCPATH/index.php(56): CodeIgniter\Boot::bootWeb(Object(Config\Paths))
22 SYSTEMPATH/rewrite.php(44): require_once('/Users/gustavo/Documents/GitHub/codignatoratk/public/index.php')
DEBUG - 2025-01-20 04:32:13 --> Session: Class initialized using 'CodeIgniter\Session\Handlers\FileHandler' driver.
CRITICAL - 2025-01-20 04:32:20 --> InvalidArgumentException: Invalid escape context provided.
[Method: GET, Route: cliente/editar/3]
in SYSTEMPATH/Common.php on line 434.
 1 APPPATH/Views/cliente_editar.php(15): esc('nome', 'fernando')
 2 SYSTEMPATH/View/View.php(234): include('/Users/gustavo/Documents/GitHub/codignatoratk/app/Views/cliente_editar.php')
 3 SYSTEMPATH/View/View.php(237): CodeIgniter\View\View->{closure:CodeIgniter\View\View::render():231}()
 4 SYSTEMPATH/Common.php(1171): CodeIgniter\View\View->render('cliente_editar', [], true)
 5 APPPATH/Controllers/ClienteController.php(76): view('cliente_editar', [...])
 6 SYSTEMPATH/CodeIgniter.php(933): App\Controllers\ClienteController->editar('3')
 7 SYSTEMPATH/CodeIgniter.php(509): CodeIgniter\CodeIgniter->runController(Object(App\Controllers\ClienteController))
 8 SYSTEMPATH/CodeIgniter.php(355): CodeIgniter\CodeIgniter->handleRequest(null, Object(Config\Cache), false)
 9 SYSTEMPATH/Boot.php(334): CodeIgniter\CodeIgniter->run()
10 SYSTEMPATH/Boot.php(67): CodeIgniter\Boot::runCodeIgniter(Object(CodeIgniter\CodeIgniter))
11 FCPATH/index.php(56): CodeIgniter\Boot::bootWeb(Object(Config\Paths))
12 SYSTEMPATH/rewrite.php(44): require_once('/Users/gustavo/Documents/GitHub/codignatoratk/public/index.php')
CRITICAL - 2025-01-20 04:32:30 --> InvalidArgumentException: Invalid escape context provided.
[Method: GET, Route: cliente/editar/4]
in SYSTEMPATH/Common.php on line 434.
 1 APPPATH/Views/cliente_editar.php(15): esc('nome', 'carlos')
 2 SYSTEMPATH/View/View.php(234): include('/Users/gustavo/Documents/GitHub/codignatoratk/app/Views/cliente_editar.php')
 3 SYSTEMPATH/View/View.php(237): CodeIgniter\View\View->{closure:CodeIgniter\View\View::render():231}()
 4 SYSTEMPATH/Common.php(1171): CodeIgniter\View\View->render('cliente_editar', [], true)
 5 APPPATH/Controllers/ClienteController.php(76): view('cliente_editar', [...])
 6 SYSTEMPATH/CodeIgniter.php(933): App\Controllers\ClienteController->editar('4')
 7 SYSTEMPATH/CodeIgniter.php(509): CodeIgniter\CodeIgniter->runController(Object(App\Controllers\ClienteController))
 8 SYSTEMPATH/CodeIgniter.php(355): CodeIgniter\CodeIgniter->handleRequest(null, Object(Config\Cache), false)
 9 SYSTEMPATH/Boot.php(334): CodeIgniter\CodeIgniter->run()
10 SYSTEMPATH/Boot.php(67): CodeIgniter\Boot::runCodeIgniter(Object(CodeIgniter\CodeIgniter))
11 FCPATH/index.php(56): CodeIgniter\Boot::bootWeb(Object(Config\Paths))
12 SYSTEMPATH/rewrite.php(44): require_once('/Users/gustavo/Documents/GitHub/codignatoratk/public/index.php')
CRITICAL - 2025-01-20 04:35:20 --> InvalidArgumentException: Invalid escape context provided.
[Method: GET, Route: cliente/editar/1]
in SYSTEMPATH/Common.php on line 434.
 1 APPPATH/Views/cliente_editar.php(15): esc('nome', 'novo nome')
 2 SYSTEMPATH/View/View.php(234): include('/Users/gustavo/Documents/GitHub/codignatoratk/app/Views/cliente_editar.php')
 3 SYSTEMPATH/View/View.php(237): CodeIgniter\View\View->{closure:CodeIgniter\View\View::render():231}()
 4 SYSTEMPATH/Common.php(1171): CodeIgniter\View\View->render('cliente_editar', [], true)
 5 APPPATH/Controllers/ClienteController.php(76): view('cliente_editar', [...])
 6 SYSTEMPATH/CodeIgniter.php(933): App\Controllers\ClienteController->editar('1')
 7 SYSTEMPATH/CodeIgniter.php(509): CodeIgniter\CodeIgniter->runController(Object(App\Controllers\ClienteController))
 8 SYSTEMPATH/CodeIgniter.php(355): CodeIgniter\CodeIgniter->handleRequest(null, Object(Config\Cache), false)
 9 SYSTEMPATH/Boot.php(334): CodeIgniter\CodeIgniter->run()
10 SYSTEMPATH/Boot.php(67): CodeIgniter\Boot::runCodeIgniter(Object(CodeIgniter\CodeIgniter))
11 FCPATH/index.php(56): CodeIgniter\Boot::bootWeb(Object(Config\Paths))
12 SYSTEMPATH/rewrite.php(44): require_once('/Users/gustavo/Documents/GitHub/codignatoratk/public/index.php')
WARNING - 2025-01-20 04:35:58 --> [DEPRECATED] ini_set(): session.sid_length INI setting is deprecated in SYSTEMPATH/Session/Handlers/FileHandler.php on line 321.
 1 SYSTEMPATH/Session/Handlers/FileHandler.php(321): ini_set('session.sid_length', '40')
 2 SYSTEMPATH/Session/Handlers/FileHandler.php(85): CodeIgniter\Session\Handlers\FileHandler->configureSessionIDRegex()
 3 SYSTEMPATH/Config/Services.php(697): CodeIgniter\Session\Handlers\FileHandler->__construct(Object(Config\Session), '::1')
 4 SYSTEMPATH/Config/BaseService.php(312): CodeIgniter\Config\Services::session(Object(Config\Session), false)
 5 SYSTEMPATH/Config/BaseService.php(251): CodeIgniter\Config\BaseService::__callStatic('session', [...])
 6 SYSTEMPATH/Config/Services.php(668): CodeIgniter\Config\BaseService::getSharedInstance('session', null)
 7 SYSTEMPATH/Config/BaseService.php(321): CodeIgniter\Config\Services::session()
 8 SYSTEMPATH/Config/BaseService.php(202): CodeIgniter\Config\BaseService::__callStatic('session', [])
 9 SYSTEMPATH/Common.php(998): CodeIgniter\Config\BaseService::get('session')
10 SYSTEMPATH/Common.php(971): service('session')
11 APPPATH/Views/calculadora.php(11): session('error')
12 SYSTEMPATH/View/View.php(234): include('/Users/gustavo/Documents/GitHub/codignatoratk/app/Views/calculadora.php')
13 SYSTEMPATH/View/View.php(237): CodeIgniter\View\View->{closure:CodeIgniter\View\View::render():231}()
14 SYSTEMPATH/Common.php(1171): CodeIgniter\View\View->render('calculadora', [], true)
15 APPPATH/Controllers/CalculadoraController.php(11): view('calculadora')
16 SYSTEMPATH/CodeIgniter.php(933): App\Controllers\CalculadoraController->index()
17 SYSTEMPATH/CodeIgniter.php(509): CodeIgniter\CodeIgniter->runController(Object(App\Controllers\CalculadoraController))
18 SYSTEMPATH/CodeIgniter.php(355): CodeIgniter\CodeIgniter->handleRequest(null, Object(Config\Cache), false)
19 SYSTEMPATH/Boot.php(334): CodeIgniter\CodeIgniter->run()
20 SYSTEMPATH/Boot.php(67): CodeIgniter\Boot::runCodeIgniter(Object(CodeIgniter\CodeIgniter))
21 FCPATH/index.php(56): CodeIgniter\Boot::bootWeb(Object(Config\Paths))
22 SYSTEMPATH/rewrite.php(44): require_once('/Users/gustavo/Documents/GitHub/codignatoratk/public/index.php')
DEBUG - 2025-01-20 04:35:58 --> Session: Class initialized using 'CodeIgniter\Session\Handlers\FileHandler' driver.
INFO - 2025-01-20 04:36:03 --> CSRF token verified.
WARNING - 2025-01-20 04:36:03 --> [DEPRECATED] ini_set(): session.sid_length INI setting is deprecated in SYSTEMPATH/Session/Handlers/FileHandler.php on line 321.
 1 SYSTEMPATH/Session/Handlers/FileHandler.php(321): ini_set('session.sid_length', '40')
 2 SYSTEMPATH/Session/Handlers/FileHandler.php(85): CodeIgniter\Session\Handlers\FileHandler->configureSessionIDRegex()
 3 SYSTEMPATH/Config/Services.php(697): CodeIgniter\Session\Handlers\FileHandler->__construct(Object(Config\Session), '::1')
 4 SYSTEMPATH/Config/BaseService.php(312): CodeIgniter\Config\Services::session(Object(Config\Session), false)
 5 SYSTEMPATH/Config/BaseService.php(251): CodeIgniter\Config\BaseService::__callStatic('session', [...])
 6 SYSTEMPATH/Config/Services.php(668): CodeIgniter\Config\BaseService::getSharedInstance('session', null)
 7 SYSTEMPATH/Config/BaseService.php(321): CodeIgniter\Config\Services::session()
 8 SYSTEMPATH/Config/BaseService.php(202): CodeIgniter\Config\BaseService::__callStatic('session', [])
 9 SYSTEMPATH/Common.php(998): CodeIgniter\Config\BaseService::get('session')
10 SYSTEMPATH/Common.php(971): service('session')
11 APPPATH/Views/calculadora.php(11): session('error')
12 SYSTEMPATH/View/View.php(234): include('/Users/gustavo/Documents/GitHub/codignatoratk/app/Views/calculadora.php')
13 SYSTEMPATH/View/View.php(237): CodeIgniter\View\View->{closure:CodeIgniter\View\View::render():231}()
14 SYSTEMPATH/Common.php(1171): CodeIgniter\View\View->render('calculadora', [], true)
15 APPPATH/Controllers/CalculadoraController.php(45): view('calculadora', [...])
16 SYSTEMPATH/CodeIgniter.php(933): App\Controllers\CalculadoraController->calcular()
17 SYSTEMPATH/CodeIgniter.php(509): CodeIgniter\CodeIgniter->runController(Object(App\Controllers\CalculadoraController))
18 SYSTEMPATH/CodeIgniter.php(355): CodeIgniter\CodeIgniter->handleRequest(null, Object(Config\Cache), false)
19 SYSTEMPATH/Boot.php(334): CodeIgniter\CodeIgniter->run()
20 SYSTEMPATH/Boot.php(67): CodeIgniter\Boot::runCodeIgniter(Object(CodeIgniter\CodeIgniter))
21 FCPATH/index.php(56): CodeIgniter\Boot::bootWeb(Object(Config\Paths))
22 SYSTEMPATH/rewrite.php(44): require_once('/Users/gustavo/Documents/GitHub/codignatoratk/public/index.php')
DEBUG - 2025-01-20 04:36:03 --> Session: Class initialized using 'CodeIgniter\Session\Handlers\FileHandler' driver.
INFO - 2025-01-20 04:36:08 --> CSRF token verified.
WARNING - 2025-01-20 04:36:08 --> [DEPRECATED] ini_set(): session.sid_length INI setting is deprecated in SYSTEMPATH/Session/Handlers/FileHandler.php on line 321.
 1 SYSTEMPATH/Session/Handlers/FileHandler.php(321): ini_set('session.sid_length', '40')
 2 SYSTEMPATH/Session/Handlers/FileHandler.php(85): CodeIgniter\Session\Handlers\FileHandler->configureSessionIDRegex()
 3 SYSTEMPATH/Config/Services.php(697): CodeIgniter\Session\Handlers\FileHandler->__construct(Object(Config\Session), '::1')
 4 SYSTEMPATH/Config/BaseService.php(312): CodeIgniter\Config\Services::session(Object(Config\Session), false)
 5 SYSTEMPATH/Config/BaseService.php(251): CodeIgniter\Config\BaseService::__callStatic('session', [...])
 6 SYSTEMPATH/Config/Services.php(668): CodeIgniter\Config\BaseService::getSharedInstance('session', null)
 7 SYSTEMPATH/Config/BaseService.php(321): CodeIgniter\Config\Services::session()
 8 SYSTEMPATH/Config/BaseService.php(202): CodeIgniter\Config\BaseService::__callStatic('session', [])
 9 SYSTEMPATH/Common.php(998): CodeIgniter\Config\BaseService::get('session')
10 SYSTEMPATH/Common.php(971): service('session')
11 APPPATH/Views/calculadora.php(11): session('error')
12 SYSTEMPATH/View/View.php(234): include('/Users/gustavo/Documents/GitHub/codignatoratk/app/Views/calculadora.php')
13 SYSTEMPATH/View/View.php(237): CodeIgniter\View\View->{closure:CodeIgniter\View\View::render():231}()
14 SYSTEMPATH/Common.php(1171): CodeIgniter\View\View->render('calculadora', [], true)
15 APPPATH/Controllers/CalculadoraController.php(45): view('calculadora', [...])
16 SYSTEMPATH/CodeIgniter.php(933): App\Controllers\CalculadoraController->calcular()
17 SYSTEMPATH/CodeIgniter.php(509): CodeIgniter\CodeIgniter->runController(Object(App\Controllers\CalculadoraController))
18 SYSTEMPATH/CodeIgniter.php(355): CodeIgniter\CodeIgniter->handleRequest(null, Object(Config\Cache), false)
19 SYSTEMPATH/Boot.php(334): CodeIgniter\CodeIgniter->run()
20 SYSTEMPATH/Boot.php(67): CodeIgniter\Boot::runCodeIgniter(Object(CodeIgniter\CodeIgniter))
21 FCPATH/index.php(56): CodeIgniter\Boot::bootWeb(Object(Config\Paths))
22 SYSTEMPATH/rewrite.php(44): require_once('/Users/gustavo/Documents/GitHub/codignatoratk/public/index.php')
DEBUG - 2025-01-20 04:36:08 --> Session: Class initialized using 'CodeIgniter\Session\Handlers\FileHandler' driver.
INFO - 2025-01-20 04:36:11 --> CSRF token verified.
WARNING - 2025-01-20 04:36:11 --> [DEPRECATED] ini_set(): session.sid_length INI setting is deprecated in SYSTEMPATH/Session/Handlers/FileHandler.php on line 321.
 1 SYSTEMPATH/Session/Handlers/FileHandler.php(321): ini_set('session.sid_length', '40')
 2 SYSTEMPATH/Session/Handlers/FileHandler.php(85): CodeIgniter\Session\Handlers\FileHandler->configureSessionIDRegex()
 3 SYSTEMPATH/Config/Services.php(697): CodeIgniter\Session\Handlers\FileHandler->__construct(Object(Config\Session), '::1')
 4 SYSTEMPATH/Config/BaseService.php(312): CodeIgniter\Config\Services::session(Object(Config\Session), false)
 5 SYSTEMPATH/Config/BaseService.php(251): CodeIgniter\Config\BaseService::__callStatic('session', [...])
 6 SYSTEMPATH/Config/Services.php(668): CodeIgniter\Config\BaseService::getSharedInstance('session', null)
 7 SYSTEMPATH/Config/BaseService.php(321): CodeIgniter\Config\Services::session()
 8 SYSTEMPATH/Config/BaseService.php(202): CodeIgniter\Config\BaseService::__callStatic('session', [])
 9 SYSTEMPATH/Common.php(998): CodeIgniter\Config\BaseService::get('session')
10 SYSTEMPATH/Common.php(971): service('session')
11 APPPATH/Views/calculadora.php(11): session('error')
12 SYSTEMPATH/View/View.php(234): include('/Users/gustavo/Documents/GitHub/codignatoratk/app/Views/calculadora.php')
13 SYSTEMPATH/View/View.php(237): CodeIgniter\View\View->{closure:CodeIgniter\View\View::render():231}()
14 SYSTEMPATH/Common.php(1171): CodeIgniter\View\View->render('calculadora', [], true)
15 APPPATH/Controllers/CalculadoraController.php(45): view('calculadora', [...])
16 SYSTEMPATH/CodeIgniter.php(933): App\Controllers\CalculadoraController->calcular()
17 SYSTEMPATH/CodeIgniter.php(509): CodeIgniter\CodeIgniter->runController(Object(App\Controllers\CalculadoraController))
18 SYSTEMPATH/CodeIgniter.php(355): CodeIgniter\CodeIgniter->handleRequest(null, Object(Config\Cache), false)
19 SYSTEMPATH/Boot.php(334): CodeIgniter\CodeIgniter->run()
20 SYSTEMPATH/Boot.php(67): CodeIgniter\Boot::runCodeIgniter(Object(CodeIgniter\CodeIgniter))
21 FCPATH/index.php(56): CodeIgniter\Boot::bootWeb(Object(Config\Paths))
22 SYSTEMPATH/rewrite.php(44): require_once('/Users/gustavo/Documents/GitHub/codignatoratk/public/index.php')
DEBUG - 2025-01-20 04:36:11 --> Session: Class initialized using 'CodeIgniter\Session\Handlers\FileHandler' driver.
INFO - 2025-01-20 04:36:15 --> CSRF token verified.
WARNING - 2025-01-20 04:36:15 --> [DEPRECATED] ini_set(): session.sid_length INI setting is deprecated in SYSTEMPATH/Session/Handlers/FileHandler.php on line 321.
 1 SYSTEMPATH/Session/Handlers/FileHandler.php(321): ini_set('session.sid_length', '40')
 2 SYSTEMPATH/Session/Handlers/FileHandler.php(85): CodeIgniter\Session\Handlers\FileHandler->configureSessionIDRegex()
 3 SYSTEMPATH/Config/Services.php(697): CodeIgniter\Session\Handlers\FileHandler->__construct(Object(Config\Session), '::1')
 4 SYSTEMPATH/Config/BaseService.php(312): CodeIgniter\Config\Services::session(Object(Config\Session), false)
 5 SYSTEMPATH/Config/BaseService.php(251): CodeIgniter\Config\BaseService::__callStatic('session', [...])
 6 SYSTEMPATH/Config/Services.php(668): CodeIgniter\Config\BaseService::getSharedInstance('session', null)
 7 SYSTEMPATH/Config/BaseService.php(321): CodeIgniter\Config\Services::session()
 8 SYSTEMPATH/Config/BaseService.php(202): CodeIgniter\Config\BaseService::__callStatic('session', [])
 9 SYSTEMPATH/Common.php(998): CodeIgniter\Config\BaseService::get('session')
10 SYSTEMPATH/Common.php(971): service('session')
11 APPPATH/Views/calculadora.php(11): session('error')
12 SYSTEMPATH/View/View.php(234): include('/Users/gustavo/Documents/GitHub/codignatoratk/app/Views/calculadora.php')
13 SYSTEMPATH/View/View.php(237): CodeIgniter\View\View->{closure:CodeIgniter\View\View::render():231}()
14 SYSTEMPATH/Common.php(1171): CodeIgniter\View\View->render('calculadora', [], true)
15 APPPATH/Controllers/CalculadoraController.php(45): view('calculadora', [...])
16 SYSTEMPATH/CodeIgniter.php(933): App\Controllers\CalculadoraController->calcular()
17 SYSTEMPATH/CodeIgniter.php(509): CodeIgniter\CodeIgniter->runController(Object(App\Controllers\CalculadoraController))
18 SYSTEMPATH/CodeIgniter.php(355): CodeIgniter\CodeIgniter->handleRequest(null, Object(Config\Cache), false)
19 SYSTEMPATH/Boot.php(334): CodeIgniter\CodeIgniter->run()
20 SYSTEMPATH/Boot.php(67): CodeIgniter\Boot::runCodeIgniter(Object(CodeIgniter\CodeIgniter))
21 FCPATH/index.php(56): CodeIgniter\Boot::bootWeb(Object(Config\Paths))
22 SYSTEMPATH/rewrite.php(44): require_once('/Users/gustavo/Documents/GitHub/codignatoratk/public/index.php')
DEBUG - 2025-01-20 04:36:15 --> Session: Class initialized using 'CodeIgniter\Session\Handlers\FileHandler' driver.
CRITICAL - 2025-01-20 04:37:07 --> InvalidArgumentException: Invalid escape context provided.
[Method: GET, Route: cliente/editar/1]
in SYSTEMPATH/Common.php on line 434.
 1 APPPATH/Views/cliente_editar.php(15): esc('nome', 'novo nome')
 2 SYSTEMPATH/View/View.php(234): include('/Users/gustavo/Documents/GitHub/codignatoratk/app/Views/cliente_editar.php')
 3 SYSTEMPATH/View/View.php(237): CodeIgniter\View\View->{closure:CodeIgniter\View\View::render():231}()
 4 SYSTEMPATH/Common.php(1171): CodeIgniter\View\View->render('cliente_editar', [], true)
 5 APPPATH/Controllers/ClienteController.php(76): view('cliente_editar', [...])
 6 SYSTEMPATH/CodeIgniter.php(933): App\Controllers\ClienteController->editar('1')
 7 SYSTEMPATH/CodeIgniter.php(509): CodeIgniter\CodeIgniter->runController(Object(App\Controllers\ClienteController))
 8 SYSTEMPATH/CodeIgniter.php(355): CodeIgniter\CodeIgniter->handleRequest(null, Object(Config\Cache), false)
 9 SYSTEMPATH/Boot.php(334): CodeIgniter\CodeIgniter->run()
10 SYSTEMPATH/Boot.php(67): CodeIgniter\Boot::runCodeIgniter(Object(CodeIgniter\CodeIgniter))
11 FCPATH/index.php(56): CodeIgniter\Boot::bootWeb(Object(Config\Paths))
12 SYSTEMPATH/rewrite.php(44): require_once('/Users/gustavo/Documents/GitHub/codignatoratk/public/index.php')
WARNING - 2025-01-20 04:39:59 --> [DEPRECATED] ini_set(): session.sid_length INI setting is deprecated in SYSTEMPATH/Session/Handlers/FileHandler.php on line 321.
 1 SYSTEMPATH/Session/Handlers/FileHandler.php(321): ini_set('session.sid_length', '40')
 2 SYSTEMPATH/Session/Handlers/FileHandler.php(85): CodeIgniter\Session\Handlers\FileHandler->configureSessionIDRegex()
 3 SYSTEMPATH/Config/Services.php(697): CodeIgniter\Session\Handlers\FileHandler->__construct(Object(Config\Session), '::1')
 4 SYSTEMPATH/Config/BaseService.php(312): CodeIgniter\Config\Services::session(Object(Config\Session), false)
 5 SYSTEMPATH/Config/BaseService.php(251): CodeIgniter\Config\BaseService::__callStatic('session', [...])
 6 SYSTEMPATH/Config/Services.php(668): CodeIgniter\Config\BaseService::getSharedInstance('session', null)
 7 SYSTEMPATH/Config/BaseService.php(321): CodeIgniter\Config\Services::session()
 8 SYSTEMPATH/Config/BaseService.php(202): CodeIgniter\Config\BaseService::__callStatic('session', [])
 9 SYSTEMPATH/Common.php(998): CodeIgniter\Config\BaseService::get('session')
10 SYSTEMPATH/Common.php(971): service('session')
11 APPPATH/Views/cliente_editar.php(11): session('error')
12 SYSTEMPATH/View/View.php(234): include('/Users/gustavo/Documents/GitHub/codignatoratk/app/Views/cliente_editar.php')
13 SYSTEMPATH/View/View.php(237): CodeIgniter\View\View->{closure:CodeIgniter\View\View::render():231}()
14 SYSTEMPATH/Common.php(1171): CodeIgniter\View\View->render('cliente_editar', [], true)
15 APPPATH/Controllers/ClienteController.php(78): view('cliente_editar', [...])
16 SYSTEMPATH/CodeIgniter.php(933): App\Controllers\ClienteController->editar('1')
17 SYSTEMPATH/CodeIgniter.php(509): CodeIgniter\CodeIgniter->runController(Object(App\Controllers\ClienteController))
18 SYSTEMPATH/CodeIgniter.php(355): CodeIgniter\CodeIgniter->handleRequest(null, Object(Config\Cache), false)
19 SYSTEMPATH/Boot.php(334): CodeIgniter\CodeIgniter->run()
20 SYSTEMPATH/Boot.php(67): CodeIgniter\Boot::runCodeIgniter(Object(CodeIgniter\CodeIgniter))
21 FCPATH/index.php(56): CodeIgniter\Boot::bootWeb(Object(Config\Paths))
22 SYSTEMPATH/rewrite.php(44): require_once('/Users/gustavo/Documents/GitHub/codignatoratk/public/index.php')
DEBUG - 2025-01-20 04:39:59 --> Session: Class initialized using 'CodeIgniter\Session\Handlers\FileHandler' driver.
INFO - 2025-01-20 04:40:01 --> CSRF token verified.
WARNING - 2025-01-20 04:40:02 --> [DEPRECATED] ini_set(): session.sid_length INI setting is deprecated in SYSTEMPATH/Session/Handlers/FileHandler.php on line 321.
 1 SYSTEMPATH/Session/Handlers/FileHandler.php(321): ini_set('session.sid_length', '40')
 2 SYSTEMPATH/Session/Handlers/FileHandler.php(85): CodeIgniter\Session\Handlers\FileHandler->configureSessionIDRegex()
 3 SYSTEMPATH/Config/Services.php(697): CodeIgniter\Session\Handlers\FileHandler->__construct(Object(Config\Session), '::1')
 4 SYSTEMPATH/Config/BaseService.php(312): CodeIgniter\Config\Services::session(Object(Config\Session), false)
 5 SYSTEMPATH/Config/BaseService.php(251): CodeIgniter\Config\BaseService::__callStatic('session', [...])
 6 SYSTEMPATH/Config/Services.php(668): CodeIgniter\Config\BaseService::getSharedInstance('session', null)
 7 SYSTEMPATH/Config/BaseService.php(321): CodeIgniter\Config\Services::session()
 8 SYSTEMPATH/Config/BaseService.php(202): CodeIgniter\Config\BaseService::__callStatic('session', [])
 9 SYSTEMPATH/Common.php(998): CodeIgniter\Config\BaseService::get('session')
10 SYSTEMPATH/Common.php(971): service('session')
11 APPPATH/Views/cliente_editar.php(11): session('error')
12 SYSTEMPATH/View/View.php(234): include('/Users/gustavo/Documents/GitHub/codignatoratk/app/Views/cliente_editar.php')
13 SYSTEMPATH/View/View.php(237): CodeIgniter\View\View->{closure:CodeIgniter\View\View::render():231}()
14 SYSTEMPATH/Common.php(1171): CodeIgniter\View\View->render('cliente_editar', [], true)
15 APPPATH/Controllers/ClienteController.php(78): view('cliente_editar', [...])
16 SYSTEMPATH/CodeIgniter.php(933): App\Controllers\ClienteController->editar('1')
17 SYSTEMPATH/CodeIgniter.php(509): CodeIgniter\CodeIgniter->runController(Object(App\Controllers\ClienteController))
18 SYSTEMPATH/CodeIgniter.php(355): CodeIgniter\CodeIgniter->handleRequest(null, Object(Config\Cache), false)
19 SYSTEMPATH/Boot.php(334): CodeIgniter\CodeIgniter->run()
20 SYSTEMPATH/Boot.php(67): CodeIgniter\Boot::runCodeIgniter(Object(CodeIgniter\CodeIgniter))
21 FCPATH/index.php(56): CodeIgniter\Boot::bootWeb(Object(Config\Paths))
22 SYSTEMPATH/rewrite.php(44): require_once('/Users/gustavo/Documents/GitHub/codignatoratk/public/index.php')
DEBUG - 2025-01-20 04:40:02 --> Session: Class initialized using 'CodeIgniter\Session\Handlers\FileHandler' driver.
WARNING - 2025-01-20 04:40:04 --> [DEPRECATED] ini_set(): session.sid_length INI setting is deprecated in SYSTEMPATH/Session/Handlers/FileHandler.php on line 321.
 1 SYSTEMPATH/Session/Handlers/FileHandler.php(321): ini_set('session.sid_length', '40')
 2 SYSTEMPATH/Session/Handlers/FileHandler.php(85): CodeIgniter\Session\Handlers\FileHandler->configureSessionIDRegex()
 3 SYSTEMPATH/Config/Services.php(697): CodeIgniter\Session\Handlers\FileHandler->__construct(Object(Config\Session), '::1')
 4 SYSTEMPATH/Config/BaseService.php(312): CodeIgniter\Config\Services::session(Object(Config\Session), false)
 5 SYSTEMPATH/Config/BaseService.php(251): CodeIgniter\Config\BaseService::__callStatic('session', [...])
 6 SYSTEMPATH/Config/Services.php(668): CodeIgniter\Config\BaseService::getSharedInstance('session', null)
 7 SYSTEMPATH/Config/BaseService.php(321): CodeIgniter\Config\Services::session()
 8 SYSTEMPATH/Config/BaseService.php(202): CodeIgniter\Config\BaseService::__callStatic('session', [])
 9 SYSTEMPATH/Common.php(998): CodeIgniter\Config\BaseService::get('session')
10 SYSTEMPATH/Common.php(971): service('session')
11 APPPATH/Views/cliente_editar.php(11): session('error')
12 SYSTEMPATH/View/View.php(234): include('/Users/gustavo/Documents/GitHub/codignatoratk/app/Views/cliente_editar.php')
13 SYSTEMPATH/View/View.php(237): CodeIgniter\View\View->{closure:CodeIgniter\View\View::render():231}()
14 SYSTEMPATH/Common.php(1171): CodeIgniter\View\View->render('cliente_editar', [], true)
15 APPPATH/Controllers/ClienteController.php(78): view('cliente_editar', [...])
16 SYSTEMPATH/CodeIgniter.php(933): App\Controllers\ClienteController->editar('1')
17 SYSTEMPATH/CodeIgniter.php(509): CodeIgniter\CodeIgniter->runController(Object(App\Controllers\ClienteController))
18 SYSTEMPATH/CodeIgniter.php(355): CodeIgniter\CodeIgniter->handleRequest(null, Object(Config\Cache), false)
19 SYSTEMPATH/Boot.php(334): CodeIgniter\CodeIgniter->run()
20 SYSTEMPATH/Boot.php(67): CodeIgniter\Boot::runCodeIgniter(Object(CodeIgniter\CodeIgniter))
21 FCPATH/index.php(56): CodeIgniter\Boot::bootWeb(Object(Config\Paths))
22 SYSTEMPATH/rewrite.php(44): require_once('/Users/gustavo/Documents/GitHub/codignatoratk/public/index.php')
DEBUG - 2025-01-20 04:40:04 --> Session: Class initialized using 'CodeIgniter\Session\Handlers\FileHandler' driver.
WARNING - 2025-01-20 04:40:11 --> [DEPRECATED] ini_set(): session.sid_length INI setting is deprecated in SYSTEMPATH/Session/Handlers/FileHandler.php on line 321.
 1 SYSTEMPATH/Session/Handlers/FileHandler.php(321): ini_set('session.sid_length', '40')
 2 SYSTEMPATH/Session/Handlers/FileHandler.php(85): CodeIgniter\Session\Handlers\FileHandler->configureSessionIDRegex()
 3 SYSTEMPATH/Config/Services.php(697): CodeIgniter\Session\Handlers\FileHandler->__construct(Object(Config\Session), '::1')
 4 SYSTEMPATH/Config/BaseService.php(312): CodeIgniter\Config\Services::session(Object(Config\Session), false)
 5 SYSTEMPATH/Config/BaseService.php(251): CodeIgniter\Config\BaseService::__callStatic('session', [...])
 6 SYSTEMPATH/Config/Services.php(668): CodeIgniter\Config\BaseService::getSharedInstance('session', null)
 7 SYSTEMPATH/Config/BaseService.php(321): CodeIgniter\Config\Services::session()
 8 SYSTEMPATH/Config/BaseService.php(202): CodeIgniter\Config\BaseService::__callStatic('session', [])
 9 SYSTEMPATH/Common.php(998): CodeIgniter\Config\BaseService::get('session')
10 SYSTEMPATH/Common.php(971): service('session')
11 APPPATH/Views/cliente_editar.php(11): session('error')
12 SYSTEMPATH/View/View.php(234): include('/Users/gustavo/Documents/GitHub/codignatoratk/app/Views/cliente_editar.php')
13 SYSTEMPATH/View/View.php(237): CodeIgniter\View\View->{closure:CodeIgniter\View\View::render():231}()
14 SYSTEMPATH/Common.php(1171): CodeIgniter\View\View->render('cliente_editar', [], true)
15 APPPATH/Controllers/ClienteController.php(78): view('cliente_editar', [...])
16 SYSTEMPATH/CodeIgniter.php(933): App\Controllers\ClienteController->editar('1')
17 SYSTEMPATH/CodeIgniter.php(509): CodeIgniter\CodeIgniter->runController(Object(App\Controllers\ClienteController))
18 SYSTEMPATH/CodeIgniter.php(355): CodeIgniter\CodeIgniter->handleRequest(null, Object(Config\Cache), false)
19 SYSTEMPATH/Boot.php(334): CodeIgniter\CodeIgniter->run()
20 SYSTEMPATH/Boot.php(67): CodeIgniter\Boot::runCodeIgniter(Object(CodeIgniter\CodeIgniter))
21 FCPATH/index.php(56): CodeIgniter\Boot::bootWeb(Object(Config\Paths))
22 SYSTEMPATH/rewrite.php(44): require_once('/Users/gustavo/Documents/GitHub/codignatoratk/public/index.php')
DEBUG - 2025-01-20 04:40:11 --> Session: Class initialized using 'CodeIgniter\Session\Handlers\FileHandler' driver.
INFO - 2025-01-20 04:40:14 --> CSRF token verified.
WARNING - 2025-01-20 04:40:14 --> [DEPRECATED] ini_set(): session.sid_length INI setting is deprecated in SYSTEMPATH/Session/Handlers/FileHandler.php on line 321.
 1 SYSTEMPATH/Session/Handlers/FileHandler.php(321): ini_set('session.sid_length', '40')
 2 SYSTEMPATH/Session/Handlers/FileHandler.php(85): CodeIgniter\Session\Handlers\FileHandler->configureSessionIDRegex()
 3 SYSTEMPATH/Config/Services.php(697): CodeIgniter\Session\Handlers\FileHandler->__construct(Object(Config\Session), '::1')
 4 SYSTEMPATH/Config/BaseService.php(312): CodeIgniter\Config\Services::session(Object(Config\Session), false)
 5 SYSTEMPATH/Config/BaseService.php(251): CodeIgniter\Config\BaseService::__callStatic('session', [...])
 6 SYSTEMPATH/Config/Services.php(668): CodeIgniter\Config\BaseService::getSharedInstance('session', null)
 7 SYSTEMPATH/Config/BaseService.php(321): CodeIgniter\Config\Services::session()
 8 SYSTEMPATH/Config/BaseService.php(202): CodeIgniter\Config\BaseService::__callStatic('session', [])
 9 SYSTEMPATH/Common.php(998): CodeIgniter\Config\BaseService::get('session')
10 SYSTEMPATH/Common.php(971): service('session')
11 APPPATH/Views/cliente_editar.php(11): session('error')
12 SYSTEMPATH/View/View.php(234): include('/Users/gustavo/Documents/GitHub/codignatoratk/app/Views/cliente_editar.php')
13 SYSTEMPATH/View/View.php(237): CodeIgniter\View\View->{closure:CodeIgniter\View\View::render():231}()
14 SYSTEMPATH/Common.php(1171): CodeIgniter\View\View->render('cliente_editar', [], true)
15 APPPATH/Controllers/ClienteController.php(78): view('cliente_editar', [...])
16 SYSTEMPATH/CodeIgniter.php(933): App\Controllers\ClienteController->editar('1')
17 SYSTEMPATH/CodeIgniter.php(509): CodeIgniter\CodeIgniter->runController(Object(App\Controllers\ClienteController))
18 SYSTEMPATH/CodeIgniter.php(355): CodeIgniter\CodeIgniter->handleRequest(null, Object(Config\Cache), false)
19 SYSTEMPATH/Boot.php(334): CodeIgniter\CodeIgniter->run()
20 SYSTEMPATH/Boot.php(67): CodeIgniter\Boot::runCodeIgniter(Object(CodeIgniter\CodeIgniter))
21 FCPATH/index.php(56): CodeIgniter\Boot::bootWeb(Object(Config\Paths))
22 SYSTEMPATH/rewrite.php(44): require_once('/Users/gustavo/Documents/GitHub/codignatoratk/public/index.php')
DEBUG - 2025-01-20 04:40:14 --> Session: Class initialized using 'CodeIgniter\Session\Handlers\FileHandler' driver.
