ERROR - 2025-01-18 01:22:52 --> Error connecting to the database: mysqli_sql_exception: No such file or directory in /Users/gustavo/Documents/GitHub/codignatoratk/vendor/codeigniter4/framework/system/Database/MySQLi/Connection.php:186
Stack trace:
#0 /Users/gustavo/Documents/GitHub/codignatoratk/vendor/codeigniter4/framework/system/Database/MySQLi/Connection.php(186): mysqli->real_connect('localhost', 'root', Object(SensitiveParameterValue), 'ci4tutorial', 3306, '', 0)
#1 /Users/gustavo/Documents/GitHub/codignatoratk/vendor/codeigniter4/framework/system/Database/BaseConnection.php(421): CodeIgniter\Database\MySQLi\Connection->connect(false)
#2 /Users/gustavo/Documents/GitHub/codignatoratk/vendor/codeigniter4/framework/system/Database/BaseConnection.php(616): CodeIgniter\Database\BaseConnection->initialize()
#3 /Users/gustavo/Documents/GitHub/codignatoratk/vendor/codeigniter4/framework/system/Database/BaseBuilder.php(1644): CodeIgniter\Database\BaseConnection->query('SELECT *\nFROM `...', Array, false)
#4 /Users/gustavo/Documents/GitHub/codignatoratk/vendor/codeigniter4/framework/system/Model.php(286): CodeIgniter\Database\BaseBuilder->get()
#5 /Users/gustavo/Documents/GitHub/codignatoratk/vendor/codeigniter4/framework/system/BaseModel.php(675): CodeIgniter\Model->doFindAll(0, 0)
#6 /Users/gustavo/Documents/GitHub/codignatoratk/app/Models/NewsModel.php(14): CodeIgniter\BaseModel->findAll()
#7 /Users/gustavo/Documents/GitHub/codignatoratk/app/Controllers/News.php(15): App\Models\NewsModel->getNews()
#8 /Users/gustavo/Documents/GitHub/codignatoratk/vendor/codeigniter4/framework/system/CodeIgniter.php(933): App\Controllers\News->index()
#9 /Users/gustavo/Documents/GitHub/codignatoratk/vendor/codeigniter4/framework/system/CodeIgniter.php(509): CodeIgniter\CodeIgniter->runController(Object(App\Controllers\News))
#10 /Users/gustavo/Documents/GitHub/codignatoratk/vendor/codeigniter4/framework/system/CodeIgniter.php(355): CodeIgniter\CodeIgniter->handleRequest(NULL, Object(Config\Cache), false)
#11 /Users/gustavo/Documents/GitHub/codignatoratk/vendor/codeigniter4/framework/system/Boot.php(334): CodeIgniter\CodeIgniter->run()
#12 /Users/gustavo/Documents/GitHub/codignatoratk/vendor/codeigniter4/framework/system/Boot.php(67): CodeIgniter\Boot::runCodeIgniter(Object(CodeIgniter\CodeIgniter))
#13 /Users/gustavo/Documents/GitHub/codignatoratk/public/index.php(56): CodeIgniter\Boot::bootWeb(Object(Config\Paths))
#14 /Users/gustavo/Documents/GitHub/codignatoratk/vendor/codeigniter4/framework/system/rewrite.php(44): require_once('/Users/gustavo/...')
#15 {main}

Next CodeIgniter\Database\Exceptions\DatabaseException: No such file or directory in /Users/gustavo/Documents/GitHub/codignatoratk/vendor/codeigniter4/framework/system/Database/MySQLi/Connection.php:231
Stack trace:
#0 /Users/gustavo/Documents/GitHub/codignatoratk/vendor/codeigniter4/framework/system/Database/BaseConnection.php(421): CodeIgniter\Database\MySQLi\Connection->connect(false)
#1 /Users/gustavo/Documents/GitHub/codignatoratk/vendor/codeigniter4/framework/system/Database/BaseConnection.php(616): CodeIgniter\Database\BaseConnection->initialize()
#2 /Users/gustavo/Documents/GitHub/codignatoratk/vendor/codeigniter4/framework/system/Database/BaseBuilder.php(1644): CodeIgniter\Database\BaseConnection->query('SELECT *\nFROM `...', Array, false)
#3 /Users/gustavo/Documents/GitHub/codignatoratk/vendor/codeigniter4/framework/system/Model.php(286): CodeIgniter\Database\BaseBuilder->get()
#4 /Users/gustavo/Documents/GitHub/codignatoratk/vendor/codeigniter4/framework/system/BaseModel.php(675): CodeIgniter\Model->doFindAll(0, 0)
#5 /Users/gustavo/Documents/GitHub/codignatoratk/app/Models/NewsModel.php(14): CodeIgniter\BaseModel->findAll()
#6 /Users/gustavo/Documents/GitHub/codignatoratk/app/Controllers/News.php(15): App\Models\NewsModel->getNews()
#7 /Users/gustavo/Documents/GitHub/codignatoratk/vendor/codeigniter4/framework/system/CodeIgniter.php(933): App\Controllers\News->index()
#8 /Users/gustavo/Documents/GitHub/codignatoratk/vendor/codeigniter4/framework/system/CodeIgniter.php(509): CodeIgniter\CodeIgniter->runController(Object(App\Controllers\News))
#9 /Users/gustavo/Documents/GitHub/codignatoratk/vendor/codeigniter4/framework/system/CodeIgniter.php(355): CodeIgniter\CodeIgniter->handleRequest(NULL, Object(Config\Cache), false)
#10 /Users/gustavo/Documents/GitHub/codignatoratk/vendor/codeigniter4/framework/system/Boot.php(334): CodeIgniter\CodeIgniter->run()
#11 /Users/gustavo/Documents/GitHub/codignatoratk/vendor/codeigniter4/framework/system/Boot.php(67): CodeIgniter\Boot::runCodeIgniter(Object(CodeIgniter\CodeIgniter))
#12 /Users/gustavo/Documents/GitHub/codignatoratk/public/index.php(56): CodeIgniter\Boot::bootWeb(Object(Config\Paths))
#13 /Users/gustavo/Documents/GitHub/codignatoratk/vendor/codeigniter4/framework/system/rewrite.php(44): require_once('/Users/gustavo/...')
#14 {main}
CRITICAL - 2025-01-18 01:22:52 --> CodeIgniter\Database\Exceptions\DatabaseException: Unable to connect to the database.
Main connection [MySQLi]: No such file or directory
[Method: GET, Route: news]
in SYSTEMPATH/Database/BaseConnection.php on line 467.
 1 SYSTEMPATH/Database/BaseConnection.php(616): CodeIgniter\Database\BaseConnection->initialize()
 2 SYSTEMPATH/Database/BaseBuilder.php(1644): CodeIgniter\Database\BaseConnection->query('SELECT *
FROM `news`', [], false)
 3 SYSTEMPATH/Model.php(286): CodeIgniter\Database\BaseBuilder->get()
 4 SYSTEMPATH/BaseModel.php(675): CodeIgniter\Model->doFindAll(0, 0)
 5 APPPATH/Models/NewsModel.php(14): CodeIgniter\BaseModel->findAll()
 6 APPPATH/Controllers/News.php(15): App\Models\NewsModel->getNews()
 7 SYSTEMPATH/CodeIgniter.php(933): App\Controllers\News->index()
 8 SYSTEMPATH/CodeIgniter.php(509): CodeIgniter\CodeIgniter->runController(Object(App\Controllers\News))
 9 SYSTEMPATH/CodeIgniter.php(355): CodeIgniter\CodeIgniter->handleRequest(null, Object(Config\Cache), false)
10 SYSTEMPATH/Boot.php(334): CodeIgniter\CodeIgniter->run()
11 SYSTEMPATH/Boot.php(67): CodeIgniter\Boot::runCodeIgniter(Object(CodeIgniter\CodeIgniter))
12 FCPATH/index.php(56): CodeIgniter\Boot::bootWeb(Object(Config\Paths))
13 SYSTEMPATH/rewrite.php(44): require_once('/Users/gustavo/Documents/GitHub/codignatoratk/public/index.php')
