ERROR - 2025-01-19 15:46:52 --> Error connecting to the database: mysqli_sql_exception: No such file or directory in /Users/gustavo/Documents/GitHub/codignatoratk/vendor/codeigniter4/framework/system/Database/MySQLi/Connection.php:186
Stack trace:
#0 /Users/gustavo/Documents/GitHub/codignatoratk/vendor/codeigniter4/framework/system/Database/MySQLi/Connection.php(186): mysqli->real_connect('localhost', 'root', Object(SensitiveParameterValue), 'ci4tutorial', 3306, '', 0)
#1 /Users/gustavo/Documents/GitHub/codignatoratk/vendor/codeigniter4/framework/system/Database/BaseConnection.php(421): CodeIgniter\Database\MySQLi\Connection->connect(false)
#2 /Users/gustavo/Documents/GitHub/codignatoratk/vendor/codeigniter4/framework/system/Database/BaseConnection.php(616): CodeIgniter\Database\BaseConnection->initialize()
#3 /Users/gustavo/Documents/GitHub/codignatoratk/vendor/codeigniter4/framework/system/Database/BaseBuilder.php(1644): CodeIgniter\Database\BaseConnection->query('SELECT *\nFROM `...', Array, false)
#4 /Users/gustavo/Documents/GitHub/codignatoratk/vendor/codeigniter4/framework/system/Model.php(286): CodeIgniter\Database\BaseBuilder->get()
#5 /Users/gustavo/Documents/GitHub/codignatoratk/vendor/codeigniter4/framework/system/BaseModel.php(675): CodeIgniter\Model->doFindAll(0, 0)
#6 /Users/gustavo/Documents/GitHub/codignatoratk/app/Models/NewsModel.php(14): CodeIgniter\BaseModel->findAll()
#7 /Users/gustavo/Documents/GitHub/codignatoratk/app/Controllers/News.php(15): App\Models\NewsModel->getNews()
#8 /Users/gustavo/Documents/GitHub/codignatoratk/vendor/codeigniter4/framework/system/CodeIgniter.php(933): App\Controllers\News->index()
#9 /Users/gustavo/Documents/GitHub/codignatoratk/vendor/codeigniter4/framework/system/CodeIgniter.php(509): CodeIgniter\CodeIgniter->runController(Object(App\Controllers\News))
#10 /Users/gustavo/Documents/GitHub/codignatoratk/vendor/codeigniter4/framework/system/CodeIgniter.php(355): CodeIgniter\CodeIgniter->handleRequest(NULL, Object(Config\Cache), false)
#11 /Users/gustavo/Documents/GitHub/codignatoratk/vendor/codeigniter4/framework/system/Boot.php(334): CodeIgniter\CodeIgniter->run()
#12 /Users/gustavo/Documents/GitHub/codignatoratk/vendor/codeigniter4/framework/system/Boot.php(67): CodeIgniter\Boot::runCodeIgniter(Object(CodeIgniter\CodeIgniter))
#13 /Users/gustavo/Documents/GitHub/codignatoratk/public/index.php(56): CodeIgniter\Boot::bootWeb(Object(Config\Paths))
#14 /Users/gustavo/Documents/GitHub/codignatoratk/vendor/codeigniter4/framework/system/rewrite.php(44): require_once('/Users/gustavo/...')
#15 {main}

Next CodeIgniter\Database\Exceptions\DatabaseException: No such file or directory in /Users/gustavo/Documents/GitHub/codignatoratk/vendor/codeigniter4/framework/system/Database/MySQLi/Connection.php:231
Stack trace:
#0 /Users/gustavo/Documents/GitHub/codignatoratk/vendor/codeigniter4/framework/system/Database/BaseConnection.php(421): CodeIgniter\Database\MySQLi\Connection->connect(false)
#1 /Users/gustavo/Documents/GitHub/codignatoratk/vendor/codeigniter4/framework/system/Database/BaseConnection.php(616): CodeIgniter\Database\BaseConnection->initialize()
#2 /Users/gustavo/Documents/GitHub/codignatoratk/vendor/codeigniter4/framework/system/Database/BaseBuilder.php(1644): CodeIgniter\Database\BaseConnection->query('SELECT *\nFROM `...', Array, false)
#3 /Users/gustavo/Documents/GitHub/codignatoratk/vendor/codeigniter4/framework/system/Model.php(286): CodeIgniter\Database\BaseBuilder->get()
#4 /Users/gustavo/Documents/GitHub/codignatoratk/vendor/codeigniter4/framework/system/BaseModel.php(675): CodeIgniter\Model->doFindAll(0, 0)
#5 /Users/gustavo/Documents/GitHub/codignatoratk/app/Models/NewsModel.php(14): CodeIgniter\BaseModel->findAll()
#6 /Users/gustavo/Documents/GitHub/codignatoratk/app/Controllers/News.php(15): App\Models\NewsModel->getNews()
#7 /Users/gustavo/Documents/GitHub/codignatoratk/vendor/codeigniter4/framework/system/CodeIgniter.php(933): App\Controllers\News->index()
#8 /Users/gustavo/Documents/GitHub/codignatoratk/vendor/codeigniter4/framework/system/CodeIgniter.php(509): CodeIgniter\CodeIgniter->runController(Object(App\Controllers\News))
#9 /Users/gustavo/Documents/GitHub/codignatoratk/vendor/codeigniter4/framework/system/CodeIgniter.php(355): CodeIgniter\CodeIgniter->handleRequest(NULL, Object(Config\Cache), false)
#10 /Users/gustavo/Documents/GitHub/codignatoratk/vendor/codeigniter4/framework/system/Boot.php(334): CodeIgniter\CodeIgniter->run()
#11 /Users/gustavo/Documents/GitHub/codignatoratk/vendor/codeigniter4/framework/system/Boot.php(67): CodeIgniter\Boot::runCodeIgniter(Object(CodeIgniter\CodeIgniter))
#12 /Users/gustavo/Documents/GitHub/codignatoratk/public/index.php(56): CodeIgniter\Boot::bootWeb(Object(Config\Paths))
#13 /Users/gustavo/Documents/GitHub/codignatoratk/vendor/codeigniter4/framework/system/rewrite.php(44): require_once('/Users/gustavo/...')
#14 {main}
CRITICAL - 2025-01-19 15:46:52 --> CodeIgniter\Database\Exceptions\DatabaseException: Unable to connect to the database.
Main connection [MySQLi]: No such file or directory
[Method: GET, Route: news]
in SYSTEMPATH/Database/BaseConnection.php on line 467.
 1 SYSTEMPATH/Database/BaseConnection.php(616): CodeIgniter\Database\BaseConnection->initialize()
 2 SYSTEMPATH/Database/BaseBuilder.php(1644): CodeIgniter\Database\BaseConnection->query('SELECT *
FROM `news`', [], false)
 3 SYSTEMPATH/Model.php(286): CodeIgniter\Database\BaseBuilder->get()
 4 SYSTEMPATH/BaseModel.php(675): CodeIgniter\Model->doFindAll(0, 0)
 5 APPPATH/Models/NewsModel.php(14): CodeIgniter\BaseModel->findAll()
 6 APPPATH/Controllers/News.php(15): App\Models\NewsModel->getNews()
 7 SYSTEMPATH/CodeIgniter.php(933): App\Controllers\News->index()
 8 SYSTEMPATH/CodeIgniter.php(509): CodeIgniter\CodeIgniter->runController(Object(App\Controllers\News))
 9 SYSTEMPATH/CodeIgniter.php(355): CodeIgniter\CodeIgniter->handleRequest(null, Object(Config\Cache), false)
10 SYSTEMPATH/Boot.php(334): CodeIgniter\CodeIgniter->run()
11 SYSTEMPATH/Boot.php(67): CodeIgniter\Boot::runCodeIgniter(Object(CodeIgniter\CodeIgniter))
12 FCPATH/index.php(56): CodeIgniter\Boot::bootWeb(Object(Config\Paths))
13 SYSTEMPATH/rewrite.php(44): require_once('/Users/gustavo/Documents/GitHub/codignatoratk/public/index.php')
ERROR - 2025-01-19 15:48:44 --> Error connecting to the database: mysqli_sql_exception: No such file or directory in /Users/gustavo/Documents/GitHub/codignatoratk/vendor/codeigniter4/framework/system/Database/MySQLi/Connection.php:186
Stack trace:
#0 /Users/gustavo/Documents/GitHub/codignatoratk/vendor/codeigniter4/framework/system/Database/MySQLi/Connection.php(186): mysqli->real_connect('localhost', 'root', Object(SensitiveParameterValue), 'ci4tutorial', 3306, '', 0)
#1 /Users/gustavo/Documents/GitHub/codignatoratk/vendor/codeigniter4/framework/system/Database/BaseConnection.php(421): CodeIgniter\Database\MySQLi\Connection->connect(false)
#2 /Users/gustavo/Documents/GitHub/codignatoratk/vendor/codeigniter4/framework/system/Database/BaseConnection.php(616): CodeIgniter\Database\BaseConnection->initialize()
#3 /Users/gustavo/Documents/GitHub/codignatoratk/vendor/codeigniter4/framework/system/Database/BaseBuilder.php(1644): CodeIgniter\Database\BaseConnection->query('SELECT *\nFROM `...', Array, false)
#4 /Users/gustavo/Documents/GitHub/codignatoratk/vendor/codeigniter4/framework/system/Model.php(286): CodeIgniter\Database\BaseBuilder->get()
#5 /Users/gustavo/Documents/GitHub/codignatoratk/vendor/codeigniter4/framework/system/BaseModel.php(675): CodeIgniter\Model->doFindAll(0, 0)
#6 /Users/gustavo/Documents/GitHub/codignatoratk/app/Models/NewsModel.php(14): CodeIgniter\BaseModel->findAll()
#7 /Users/gustavo/Documents/GitHub/codignatoratk/app/Controllers/News.php(15): App\Models\NewsModel->getNews()
#8 /Users/gustavo/Documents/GitHub/codignatoratk/vendor/codeigniter4/framework/system/CodeIgniter.php(933): App\Controllers\News->index()
#9 /Users/gustavo/Documents/GitHub/codignatoratk/vendor/codeigniter4/framework/system/CodeIgniter.php(509): CodeIgniter\CodeIgniter->runController(Object(App\Controllers\News))
#10 /Users/gustavo/Documents/GitHub/codignatoratk/vendor/codeigniter4/framework/system/CodeIgniter.php(355): CodeIgniter\CodeIgniter->handleRequest(NULL, Object(Config\Cache), false)
#11 /Users/gustavo/Documents/GitHub/codignatoratk/vendor/codeigniter4/framework/system/Boot.php(334): CodeIgniter\CodeIgniter->run()
#12 /Users/gustavo/Documents/GitHub/codignatoratk/vendor/codeigniter4/framework/system/Boot.php(67): CodeIgniter\Boot::runCodeIgniter(Object(CodeIgniter\CodeIgniter))
#13 /Users/gustavo/Documents/GitHub/codignatoratk/public/index.php(56): CodeIgniter\Boot::bootWeb(Object(Config\Paths))
#14 /Users/gustavo/Documents/GitHub/codignatoratk/vendor/codeigniter4/framework/system/rewrite.php(44): require_once('/Users/gustavo/...')
#15 {main}

Next CodeIgniter\Database\Exceptions\DatabaseException: No such file or directory in /Users/gustavo/Documents/GitHub/codignatoratk/vendor/codeigniter4/framework/system/Database/MySQLi/Connection.php:231
Stack trace:
#0 /Users/gustavo/Documents/GitHub/codignatoratk/vendor/codeigniter4/framework/system/Database/BaseConnection.php(421): CodeIgniter\Database\MySQLi\Connection->connect(false)
#1 /Users/gustavo/Documents/GitHub/codignatoratk/vendor/codeigniter4/framework/system/Database/BaseConnection.php(616): CodeIgniter\Database\BaseConnection->initialize()
#2 /Users/gustavo/Documents/GitHub/codignatoratk/vendor/codeigniter4/framework/system/Database/BaseBuilder.php(1644): CodeIgniter\Database\BaseConnection->query('SELECT *\nFROM `...', Array, false)
#3 /Users/gustavo/Documents/GitHub/codignatoratk/vendor/codeigniter4/framework/system/Model.php(286): CodeIgniter\Database\BaseBuilder->get()
#4 /Users/gustavo/Documents/GitHub/codignatoratk/vendor/codeigniter4/framework/system/BaseModel.php(675): CodeIgniter\Model->doFindAll(0, 0)
#5 /Users/gustavo/Documents/GitHub/codignatoratk/app/Models/NewsModel.php(14): CodeIgniter\BaseModel->findAll()
#6 /Users/gustavo/Documents/GitHub/codignatoratk/app/Controllers/News.php(15): App\Models\NewsModel->getNews()
#7 /Users/gustavo/Documents/GitHub/codignatoratk/vendor/codeigniter4/framework/system/CodeIgniter.php(933): App\Controllers\News->index()
#8 /Users/gustavo/Documents/GitHub/codignatoratk/vendor/codeigniter4/framework/system/CodeIgniter.php(509): CodeIgniter\CodeIgniter->runController(Object(App\Controllers\News))
#9 /Users/gustavo/Documents/GitHub/codignatoratk/vendor/codeigniter4/framework/system/CodeIgniter.php(355): CodeIgniter\CodeIgniter->handleRequest(NULL, Object(Config\Cache), false)
#10 /Users/gustavo/Documents/GitHub/codignatoratk/vendor/codeigniter4/framework/system/Boot.php(334): CodeIgniter\CodeIgniter->run()
#11 /Users/gustavo/Documents/GitHub/codignatoratk/vendor/codeigniter4/framework/system/Boot.php(67): CodeIgniter\Boot::runCodeIgniter(Object(CodeIgniter\CodeIgniter))
#12 /Users/gustavo/Documents/GitHub/codignatoratk/public/index.php(56): CodeIgniter\Boot::bootWeb(Object(Config\Paths))
#13 /Users/gustavo/Documents/GitHub/codignatoratk/vendor/codeigniter4/framework/system/rewrite.php(44): require_once('/Users/gustavo/...')
#14 {main}
CRITICAL - 2025-01-19 15:48:44 --> CodeIgniter\Database\Exceptions\DatabaseException: Unable to connect to the database.
Main connection [MySQLi]: No such file or directory
[Method: GET, Route: news]
in SYSTEMPATH/Database/BaseConnection.php on line 467.
 1 SYSTEMPATH/Database/BaseConnection.php(616): CodeIgniter\Database\BaseConnection->initialize()
 2 SYSTEMPATH/Database/BaseBuilder.php(1644): CodeIgniter\Database\BaseConnection->query('SELECT *
FROM `news`', [], false)
 3 SYSTEMPATH/Model.php(286): CodeIgniter\Database\BaseBuilder->get()
 4 SYSTEMPATH/BaseModel.php(675): CodeIgniter\Model->doFindAll(0, 0)
 5 APPPATH/Models/NewsModel.php(14): CodeIgniter\BaseModel->findAll()
 6 APPPATH/Controllers/News.php(15): App\Models\NewsModel->getNews()
 7 SYSTEMPATH/CodeIgniter.php(933): App\Controllers\News->index()
 8 SYSTEMPATH/CodeIgniter.php(509): CodeIgniter\CodeIgniter->runController(Object(App\Controllers\News))
 9 SYSTEMPATH/CodeIgniter.php(355): CodeIgniter\CodeIgniter->handleRequest(null, Object(Config\Cache), false)
10 SYSTEMPATH/Boot.php(334): CodeIgniter\CodeIgniter->run()
11 SYSTEMPATH/Boot.php(67): CodeIgniter\Boot::runCodeIgniter(Object(CodeIgniter\CodeIgniter))
12 FCPATH/index.php(56): CodeIgniter\Boot::bootWeb(Object(Config\Paths))
13 SYSTEMPATH/rewrite.php(44): require_once('/Users/gustavo/Documents/GitHub/codignatoratk/public/index.php')
WARNING - 2025-01-19 16:04:13 --> [DEPRECATED] ini_set(): session.sid_length INI setting is deprecated in SYSTEMPATH/Session/Handlers/FileHandler.php on line 321.
 1 SYSTEMPATH/Session/Handlers/FileHandler.php(321): ini_set('session.sid_length', '40')
 2 SYSTEMPATH/Session/Handlers/FileHandler.php(85): CodeIgniter\Session\Handlers\FileHandler->configureSessionIDRegex()
 3 SYSTEMPATH/Config/Services.php(697): CodeIgniter\Session\Handlers\FileHandler->__construct(Object(Config\Session), '::1')
 4 SYSTEMPATH/Config/BaseService.php(312): CodeIgniter\Config\Services::session(Object(Config\Session), false)
 5 SYSTEMPATH/Config/BaseService.php(251): CodeIgniter\Config\BaseService::__callStatic('session', [...])
 6 SYSTEMPATH/Config/Services.php(668): CodeIgniter\Config\BaseService::getSharedInstance('session', null)
 7 SYSTEMPATH/Config/BaseService.php(321): CodeIgniter\Config\Services::session()
 8 SYSTEMPATH/Config/BaseService.php(202): CodeIgniter\Config\BaseService::__callStatic('session', [])
 9 SYSTEMPATH/Common.php(998): CodeIgniter\Config\BaseService::get('session')
10 SYSTEMPATH/Common.php(971): service('session')
11 APPPATH/Views/news/create.php(3): session()
12 SYSTEMPATH/View/View.php(234): include('/Users/gustavo/Documents/GitHub/codignatoratk/app/Views/news/create.php')
13 SYSTEMPATH/View/View.php(237): CodeIgniter\View\View->{closure:CodeIgniter\View\View::render():231}()
14 SYSTEMPATH/Common.php(1171): CodeIgniter\View\View->render('news/create', [], true)
15 APPPATH/Controllers/News.php(45): view('news/create')
16 SYSTEMPATH/CodeIgniter.php(933): App\Controllers\News->new()
17 SYSTEMPATH/CodeIgniter.php(509): CodeIgniter\CodeIgniter->runController(Object(App\Controllers\News))
18 SYSTEMPATH/CodeIgniter.php(355): CodeIgniter\CodeIgniter->handleRequest(null, Object(Config\Cache), false)
19 SYSTEMPATH/Boot.php(334): CodeIgniter\CodeIgniter->run()
20 SYSTEMPATH/Boot.php(67): CodeIgniter\Boot::runCodeIgniter(Object(CodeIgniter\CodeIgniter))
21 FCPATH/index.php(56): CodeIgniter\Boot::bootWeb(Object(Config\Paths))
22 SYSTEMPATH/rewrite.php(44): require_once('/Users/gustavo/Documents/GitHub/codignatoratk/public/index.php')
DEBUG - 2025-01-19 16:04:13 --> Session: Class initialized using 'CodeIgniter\Session\Handlers\FileHandler' driver.
INFO - 2025-01-19 16:04:32 --> CSRF token verified.
WARNING - 2025-01-19 16:06:12 --> [DEPRECATED] ini_set(): session.sid_length INI setting is deprecated in SYSTEMPATH/Session/Handlers/FileHandler.php on line 321.
 1 SYSTEMPATH/Session/Handlers/FileHandler.php(321): ini_set('session.sid_length', '40')
 2 SYSTEMPATH/Session/Handlers/FileHandler.php(85): CodeIgniter\Session\Handlers\FileHandler->configureSessionIDRegex()
 3 SYSTEMPATH/Config/Services.php(697): CodeIgniter\Session\Handlers\FileHandler->__construct(Object(Config\Session), '::1')
 4 SYSTEMPATH/Config/BaseService.php(312): CodeIgniter\Config\Services::session(Object(Config\Session), false)
 5 SYSTEMPATH/Config/BaseService.php(251): CodeIgniter\Config\BaseService::__callStatic('session', [...])
 6 SYSTEMPATH/Config/Services.php(668): CodeIgniter\Config\BaseService::getSharedInstance('session', null)
 7 SYSTEMPATH/Config/BaseService.php(321): CodeIgniter\Config\Services::session()
 8 SYSTEMPATH/Config/BaseService.php(202): CodeIgniter\Config\BaseService::__callStatic('session', [])
 9 SYSTEMPATH/Common.php(998): CodeIgniter\Config\BaseService::get('session')
10 SYSTEMPATH/Common.php(971): service('session')
11 APPPATH/Views/news/create.php(3): session()
12 SYSTEMPATH/View/View.php(234): include('/Users/gustavo/Documents/GitHub/codignatoratk/app/Views/news/create.php')
13 SYSTEMPATH/View/View.php(237): CodeIgniter\View\View->{closure:CodeIgniter\View\View::render():231}()
14 SYSTEMPATH/Common.php(1171): CodeIgniter\View\View->render('news/create', [], true)
15 APPPATH/Controllers/News.php(45): view('news/create')
16 SYSTEMPATH/CodeIgniter.php(933): App\Controllers\News->new()
17 SYSTEMPATH/CodeIgniter.php(509): CodeIgniter\CodeIgniter->runController(Object(App\Controllers\News))
18 SYSTEMPATH/CodeIgniter.php(355): CodeIgniter\CodeIgniter->handleRequest(null, Object(Config\Cache), false)
19 SYSTEMPATH/Boot.php(334): CodeIgniter\CodeIgniter->run()
20 SYSTEMPATH/Boot.php(67): CodeIgniter\Boot::runCodeIgniter(Object(CodeIgniter\CodeIgniter))
21 FCPATH/index.php(56): CodeIgniter\Boot::bootWeb(Object(Config\Paths))
22 SYSTEMPATH/rewrite.php(44): require_once('/Users/gustavo/Documents/GitHub/codignatoratk/public/index.php')
DEBUG - 2025-01-19 16:06:12 --> Session: Class initialized using 'CodeIgniter\Session\Handlers\FileHandler' driver.
INFO - 2025-01-19 16:06:55 --> CSRF token verified.
